#
# A fatal error has been detected by the Java Runtime Environment:
#
#  SIGSEGV (0xb) at pc=0x000000010d52c098, pid=5143, tid=21263
#
# JRE version: Java(TM) SE Runtime Environment (8.0_60-b27) (build 1.8.0_60-b27)
# Java VM: Java HotSpot(TM) 64-Bit Server VM (25.60-b23 mixed mode bsd-amd64 compressed oops)
# Problematic frame:
# V  [libjvm.dylib+0x52c098]  SymbolTable::lookup(int, char const*, int, unsigned int)+0x40
#
# Failed to write core dump. Core dumps have been disabled. To enable core dumping, try "ulimit -c unlimited" before starting Java again
#
# If you would like to submit a bug report, please visit:
#   http://bugreport.java.com/bugreport/crash.jsp
#

---------------  T H R E A D  ---------------

Current thread (0x00007f9ba82a6800):  JavaThread "Daemon worker Thread 5" [_thread_in_vm, id=21263, stack(0x000070000bd56000,0x000070000be56000)]

siginfo: si_signo: 11 (SIGSEGV), si_code: 1 (SEGV_MAPERR), si_addr: 0x00007f9aa2c318d8

Registers:
RAX=0x000000010c75c000, RBX=0x00007f9aa2c318d8, RCX=0x000000000000002a, RDX=0x00007f9ba778373c
RSP=0x000070000be50190, RBP=0x000070000be501d0, RSI=0x00000000000013dc, RDI=0x00007f9ba2708950
R8 =0x000000006eb9bcbc, R9 =0x00007f9ba8990520, R10=0x00000000fc000000, R11=0xfffff06463421340
R12=0x00007f9ba778373c, R13=0x000000000000002a, R14=0x0000000000000007, R15=0x000000000000002a
RIP=0x000000010d52c098, EFLAGS=0x0000000000010206, ERR=0x0000000000000004
  TRAPNO=0x000000000000000e

Top of Stack: (sp=0x000070000be50190)
0x000070000be50190:   000000010c691000 00007f9ba2708950
0x000070000be501a0:   6eb9bcbc0be501d0 000070000be508c0
0x000070000be501b0:   000000000000002a 000000000000002a
0x000070000be501c0:   00007f9ba778373c 00007f9ba82a6800
0x000070000be501d0:   000070000be50330 000000010d17c795
0x000070000be501e0:   0000000000000078 000070000be50298
0x000070000be501f0:   0000000000000007 000070000be50a50
0x000070000be50200:   000000000000002c 6eb9bcbc0000001b
0x000070000be50210:   0000000000000000 000070000be50298
0x000070000be50220:   000070000be50260 000000010d47d650
0x000070000be50230:   00007f9ba8b2eb90 0000000000000078
0x000070000be50240:   0000000127b6b858 00007f9ba24c8f98
0x000070000be50250:   0000000127b6b890 0000000000000078
0x000070000be50260:   000070000be50280 000000010d1f1b76
0x000070000be50270:   0000000000000078 0000000127b6b890
0x000070000be50280:   000070000be502d0 000000010d1d9ed5
0x000070000be50290:   000070000be502c0 0000000000000000
0x000070000be502a0:   000070000be502d0 00007fff9d1d4c88
0x000070000be502b0:   00007f9ba7783600 00007f9ba7783a80
0x000070000be502c0:   00007f9ba7783766 000070000be50bb0
0x000070000be502d0:   000070000be50301 000000010d1e4727
0x000070000be502e0:   0000000127b6b858 0000000127b6b890
0x000070000be502f0:   000000000000002c 00007f9ba8b2fb80
0x000070000be50300:   000070000be50330 000070000be508c0
0x000070000be50310:   00007f9ba8b2fb80 00007f9ba24c8f98
0x000070000be50320:   00007f9ba82a6800 000070000be508c0
0x000070000be50330:   000070000be504d0 000000010d18616d
0x000070000be50340:   000070000be50a50 000070000be50760
0x000070000be50350:   0000002c0be503b0 00007f9ba82a6800
0x000070000be50360:   0000000127b6b890 00007f9ba82a6800
0x000070000be50370:   0000000000000001 00007f9ba24c8f98
0x000070000be50380:   000070000be503c0 000000010d533edb 

Instructions: (pc=0x000000010d52c098)
0x000000010d52c078:   89 45 d4 41 89 cf 49 89 d4 48 89 7d c8 eb 37 4c
0x000000010d52c088:   89 ef e8 17 eb ff ff 4c 89 e8 eb 40 44 8b 45 d4
0x000000010d52c098:   44 39 03 75 16 4c 8b 6b 10 4c 89 ef 4c 89 e6 44
0x000000010d52c0a8:   89 fa e8 bb e9 ff ff 84 c0 75 d4 41 ff c6 48 8b 

Register to memory mapping:

RAX=0x000000010c75c000 is an unknown value
RBX=0x00007f9aa2c318d8 is an unknown value
RCX=0x000000000000002a is an unknown value
RDX=0x00007f9ba778373c is an unknown value
RSP=0x000070000be50190 is pointing into the stack for thread: 0x00007f9ba82a6800
RBP=0x000070000be501d0 is pointing into the stack for thread: 0x00007f9ba82a6800
RSI=0x00000000000013dc is an unknown value
RDI=0x00007f9ba2708950 is an unknown value
R8 =0x000000006eb9bcbc is an unknown value
R9 =0x00007f9ba8990520 is an unknown value
R10=0x00000000fc000000 is an unknown value
R11=0xfffff06463421340 is an unknown value
R12=0x00007f9ba778373c is an unknown value
R13=0x000000000000002a is an unknown value
R14=0x0000000000000007 is an unknown value
R15=0x000000000000002a is an unknown value


Stack: [0x000070000bd56000,0x000070000be56000],  sp=0x000070000be50190,  free space=1000k
Native frames: (J=compiled Java code, j=interpreted, Vv=VM code, C=native code)
V  [libjvm.dylib+0x52c098]  SymbolTable::lookup(int, char const*, int, unsigned int)+0x40
V  [libjvm.dylib+0x17c795]  ClassFileParser::parse_constant_pool_entries(int, Thread*)+0x7f1
V  [libjvm.dylib+0x18616d]  ClassFileParser::parse_constant_pool(Thread*)+0x129
V  [libjvm.dylib+0x187558]  ClassFileParser::parseClassFile(Symbol*, ClassLoaderData*, Handle, KlassHandle, GrowableArray<Handle>*, TempNewSymbol&, bool, Thread*)+0x68c
V  [libjvm.dylib+0x5327ab]  SystemDictionary::resolve_from_stream(Symbol*, Handle, Handle, ClassFileStream*, bool, Thread*)+0xff
V  [libjvm.dylib+0x34cefa]  jvm_define_class_common(JNIEnv_*, char const*, _jobject*, signed char const*, int, _jobject*, char const*, unsigned char, Thread*)+0x23a
V  [libjvm.dylib+0x34d08e]  JVM_DefineClassWithSource+0x77
C  [libjava.dylib+0x2ed6]  Java_java_lang_ClassLoader_defineClass1+0x199
J 617  java.lang.ClassLoader.defineClass1(Ljava/lang/String;[BIILjava/security/ProtectionDomain;Ljava/lang/String;)Ljava/lang/Class; (0 bytes) @ 0x00000001116b450b [0x00000001116b4400+0x10b]
J 8664 C1 java.lang.ClassLoader.defineClass(Ljava/lang/String;[BIILjava/security/ProtectionDomain;)Ljava/lang/Class; (43 bytes) @ 0x0000000112b320dc [0x0000000112b31b00+0x5dc]
J 337 C1 java.net.URLClassLoader.defineClass(Ljava/lang/String;Lsun/misc/Resource;)Ljava/lang/Class; (142 bytes) @ 0x00000001115f3ba4 [0x00000001115f2040+0x1b64]
J 15902 C1 java.net.URLClassLoader$1.run()Ljava/lang/Class; (63 bytes) @ 0x00000001126eb0ec [0x00000001126eb000+0xec]
J 15901 C1 java.net.URLClassLoader$1.run()Ljava/lang/Object; (5 bytes) @ 0x000000011242e524 [0x000000011242e4c0+0x64]
v  ~StubRoutines::call_stub
V  [libjvm.dylib+0x2eab0e]  JavaCalls::call_helper(JavaValue*, methodHandle*, JavaCallArguments*, Thread*)+0x6ae
V  [libjvm.dylib+0x34afd8]  JVM_DoPrivileged+0x4b8
J 275  java.security.AccessController.doPrivileged(Ljava/security/PrivilegedExceptionAction;Ljava/security/AccessControlContext;)Ljava/lang/Object; (0 bytes) @ 0x00000001115bd2d5 [0x00000001115bd200+0xd5]
J 1193 C2 java.net.URLClassLoader.findClass(Ljava/lang/String;)Ljava/lang/Class; (47 bytes) @ 0x00000001118413fc [0x0000000111841360+0x9c]
J 1498 C2 java.lang.ClassLoader.loadClass(Ljava/lang/String;Z)Ljava/lang/Class; (122 bytes) @ 0x0000000111a7ed90 [0x0000000111a7e980+0x410]
J 3793 C2 java.lang.ClassLoader.loadClass(Ljava/lang/String;)Ljava/lang/Class; (7 bytes) @ 0x0000000111fce060 [0x0000000111fce020+0x40]
v  ~StubRoutines::call_stub
V  [libjvm.dylib+0x2eab0e]  JavaCalls::call_helper(JavaValue*, methodHandle*, JavaCallArguments*, Thread*)+0x6ae
V  [libjvm.dylib+0x2eb29c]  JavaCalls::call_virtual(JavaValue*, KlassHandle, Symbol*, Symbol*, JavaCallArguments*, Thread*)+0x164
V  [libjvm.dylib+0x2eb3f4]  JavaCalls::call_virtual(JavaValue*, Handle, KlassHandle, Symbol*, Symbol*, Handle, Thread*)+0x56
V  [libjvm.dylib+0x533650]  SystemDictionary::load_instance_class(Symbol*, Handle, Thread*)+0x2d8
V  [libjvm.dylib+0x532de9]  SystemDictionary::resolve_instance_class_or_null(Symbol*, Handle, Handle, Thread*)+0x48f
V  [libjvm.dylib+0x53386c]  SystemDictionary::resolve_or_null(Symbol*, Handle, Handle, Thread*)+0x106
V  [libjvm.dylib+0x533edb]  SystemDictionary::resolve_or_fail(Symbol*, Handle, Handle, bool, Thread*)+0x31
V  [libjvm.dylib+0x1e1796]  ConstantPool::klass_at_impl(constantPoolHandle, int, Thread*)+0x2ee
V  [libjvm.dylib+0x1f1a5a]  ConstantPool::klass_at(int, Thread*)+0x92
V  [libjvm.dylib+0x2e64eb]  InterpreterRuntime::_new(JavaThread*, ConstantPool*, int)+0x2d
j  com.google.common.cache.LocalCache.<clinit>()V+22
v  ~StubRoutines::call_stub
V  [libjvm.dylib+0x2eab0e]  JavaCalls::call_helper(JavaValue*, methodHandle*, JavaCallArguments*, Thread*)+0x6ae
V  [libjvm.dylib+0x2bdc69]  InstanceKlass::call_class_initializer_impl(instanceKlassHandle, Thread*)+0xbf
V  [libjvm.dylib+0x2bf171]  InstanceKlass::initialize_impl(instanceKlassHandle, Thread*)+0x4b5
V  [libjvm.dylib+0x2bf407]  InstanceKlass::initialize(Thread*)+0x3d
V  [libjvm.dylib+0x2e651c]  InterpreterRuntime::_new(JavaThread*, ConstantPool*, int)+0x5e
j  com.google.common.cache.LocalCache$LocalLoadingCache.<init>(Lcom/google/common/cache/CacheBuilder;Lcom/google/common/cache/CacheLoader;)V+1
j  com.google.common.cache.CacheBuilder.build(Lcom/google/common/cache/CacheLoader;)Lcom/google/common/cache/LoadingCache;+10
j  com.android.builder.profile.NameAnonymizer.<init>()V+16
j  com.android.builder.profile.ProcessRecorder.<init>(Lcom/android/builder/profile/ProcessRecorder$ExecutionRecordWriter;Lcom/android/utils/ILogger;)V+14
j  com.android.builder.profile.ProcessRecorderFactory.get()Lcom/android/builder/profile/ProcessRecorder;+52
j  com.android.builder.profile.ProcessRecorderFactory.initialize(Ljava/io/File;Ljava/lang/String;Lcom/android/utils/ILogger;Ljava/io/File;)V+81
j  com.android.build.gradle.internal.profile.ProfilerInitializer.init(Lorg/gradle/api/Project;)V+72
j  com.android.build.gradle.BasePlugin.apply(Lorg/gradle/api/Project;)V+21
j  com.android.build.gradle.AppPlugin.apply(Lorg/gradle/api/Project;)V+2
j  com.android.build.gradle.AppPlugin.apply(Ljava/lang/Object;)V+5
j  org.gradle.api.internal.plugins.ImperativeOnlyPluginApplicator.applyImperative(Ljava/lang/String;Lorg/gradle/api/Plugin;)V+13
j  org.gradle.api.internal.plugins.RuleBasedPluginApplicator.applyImperative(Ljava/lang/String;Lorg/gradle/api/Plugin;)V+6
j  org.gradle.api.internal.plugins.DefaultPluginManager.doApply(Lorg/gradle/api/internal/plugins/PluginImplementation;)V+157
j  org.gradle.api.internal.plugins.DefaultPluginManager.apply(Ljava/lang/String;)V+52
j  org.gradle.api.internal.plugins.DefaultObjectConfigurationAction.applyType(Ljava/lang/String;)V+43
j  org.gradle.api.internal.plugins.DefaultObjectConfigurationAction.access$200(Lorg/gradle/api/internal/plugins/DefaultObjectConfigurationAction;Ljava/lang/String;)V+2
j  org.gradle.api.internal.plugins.DefaultObjectConfigurationAction$3.run()V+8
j  org.gradle.api.internal.plugins.DefaultObjectConfigurationAction.execute()V+58
j  org.gradle.api.internal.project.AbstractPluginAware.apply(Ljava/util/Map;)V+12
j  org.gradle.api.internal.project.ProjectScript.apply(Ljava/util/Map;)V+5
j  org.gradle.api.Script$apply$0.callCurrent(Lgroovy/lang/GroovyObject;[Ljava/lang/Object;)Ljava/lang/Object;+19
j  org.codehaus.groovy.runtime.callsite.CallSiteArray.defaultCallCurrent(Lorg/codehaus/groovy/runtime/callsite/CallSite;Lgroovy/lang/GroovyObject;[Ljava/lang/Object;)Ljava/lang/Object;+17
j  org.codehaus.groovy.runtime.callsite.AbstractCallSite.callCurrent(Lgroovy/lang/GroovyObject;[Ljava/lang/Object;)Ljava/lang/Object;+3
J 14238 C1 org.codehaus.groovy.runtime.callsite.AbstractCallSite.callCurrent(Lgroovy/lang/GroovyObject;Ljava/lang/Object;)Ljava/lang/Object; (37 bytes) @ 0x00000001117e6e24 [0x00000001117e6c60+0x1c4]
j  build_bt6ihkibce388e30p7vbvdk21.run()Ljava/lang/Object;+26
j  org.gradle.groovy.scripts.internal.DefaultScriptRunnerFactory$ScriptRunnerImpl.run(Ljava/lang/Object;Lorg/gradle/internal/service/ServiceRegistry;)V+60
j  org.gradle.configuration.DefaultScriptPluginFactory$ScriptPluginImpl$2.run()V+12
j  org.gradle.configuration.ProjectScriptTarget.addConfiguration(Ljava/lang/Runnable;Z)V+18
j  org.gradle.configuration.DefaultScriptPluginFactory$ScriptPluginImpl.apply(Ljava/lang/Object;)V+541
j  org.gradle.configuration.project.BuildScriptProcessor.execute(Lorg/gradle/api/internal/project/ProjectInternal;)V+67
j  org.gradle.configuration.project.BuildScriptProcessor.execute(Ljava/lang/Object;)V+5
j  org.gradle.configuration.project.ConfigureActionsProjectEvaluator.evaluate(Lorg/gradle/api/internal/project/ProjectInternal;Lorg/gradle/api/internal/project/ProjectStateInternal;)V+33
j  org.gradle.configuration.project.LifecycleProjectEvaluator.evaluate(Lorg/gradle/api/internal/project/ProjectInternal;Lorg/gradle/api/internal/project/ProjectStateInternal;)V+54
j  org.gradle.api.internal.project.AbstractProject.evaluate()Lorg/gradle/api/internal/project/AbstractProject;+9
j  org.gradle.api.internal.project.AbstractProject.evaluate()Lorg/gradle/api/Project;+1
j  org.gradle.execution.TaskPathProjectEvaluator.configureHierarchy(Lorg/gradle/api/internal/project/ProjectInternal;)V+82
j  org.gradle.configuration.DefaultBuildConfigurer.configure(Lorg/gradle/api/internal/GradleInternal;)V+50
j  org.gradle.initialization.DefaultGradleLauncher$2.run()V+14
J 5323 C1 org.gradle.internal.Factories$1.create()Ljava/lang/Object; (11 bytes) @ 0x00000001123fdb4c [0x00000001123fda40+0x10c]
j  org.gradle.internal.progress.DefaultBuildOperationExecutor.run(Lorg/gradle/internal/progress/BuildOperationDetails;Lorg/gradle/internal/Factory;)Ljava/lang/Object;+171
j  org.gradle.internal.progress.DefaultBuildOperationExecutor.run(Ljava/lang/String;Ljava/lang/Runnable;)V+12
j  org.gradle.initialization.DefaultGradleLauncher.doBuildStages(Lorg/gradle/initialization/DefaultGradleLauncher$Stage;)V+39
j  org.gradle.initialization.DefaultGradleLauncher.access$200(Lorg/gradle/initialization/DefaultGradleLauncher;Lorg/gradle/initialization/DefaultGradleLauncher$Stage;)V+2
j  org.gradle.initialization.DefaultGradleLauncher$1.create()Lorg/gradle/BuildResult;+29
j  org.gradle.initialization.DefaultGradleLauncher$1.create()Ljava/lang/Object;+1
j  org.gradle.internal.progress.DefaultBuildOperationExecutor.run(Lorg/gradle/internal/progress/BuildOperationDetails;Lorg/gradle/internal/Factory;)Ljava/lang/Object;+171
j  org.gradle.internal.progress.DefaultBuildOperationExecutor.run(Ljava/lang/String;Lorg/gradle/internal/Factory;)Ljava/lang/Object;+9
j  org.gradle.initialization.DefaultGradleLauncher.doBuild(Lorg/gradle/initialization/DefaultGradleLauncher$Stage;)Lorg/gradle/BuildResult;+15
j  org.gradle.initialization.DefaultGradleLauncher.getBuildAnalysis()Lorg/gradle/BuildResult;+4
j  org.gradle.launcher.exec.InProcessBuildActionExecuter$DefaultBuildController.configure()Lorg/gradle/api/internal/GradleInternal;+4
j  org.gradle.tooling.internal.provider.runner.ClientProvidedBuildActionRunner.run(Lorg/gradle/internal/invocation/BuildAction;Lorg/gradle/internal/invocation/BuildController;)V+56
j  org.gradle.launcher.exec.ChainingBuildActionRunner.run(Lorg/gradle/internal/invocation/BuildAction;Lorg/gradle/internal/invocation/BuildController;)V+34
j  org.gradle.tooling.internal.provider.runner.SubscribableBuildActionRunner.run(Lorg/gradle/internal/invocation/BuildAction;Lorg/gradle/internal/invocation/BuildController;)V+37
j  org.gradle.launcher.exec.ChainingBuildActionRunner.run(Lorg/gradle/internal/invocation/BuildAction;Lorg/gradle/internal/invocation/BuildController;)V+34
j  org.gradle.launcher.exec.InProcessBuildActionExecuter.execute(Lorg/gradle/internal/invocation/BuildAction;Lorg/gradle/initialization/BuildRequestContext;Lorg/gradle/launcher/exec/BuildActionParameters;Lorg/gradle/internal/service/ServiceRegistry;)Ljava/lang/Object;+77
j  org.gradle.launcher.exec.InProcessBuildActionExecuter.execute(Lorg/gradle/internal/invocation/BuildAction;Lorg/gradle/initialization/BuildRequestContext;Ljava/lang/Object;Lorg/gradle/internal/service/ServiceRegistry;)Ljava/lang/Object;+9
j  org.gradle.launcher.exec.ContinuousBuildActionExecuter.execute(Lorg/gradle/internal/invocation/BuildAction;Lorg/gradle/initialization/BuildRequestContext;Lorg/gradle/launcher/exec/BuildActionParameters;Lorg/gradle/internal/service/ServiceRegistry;)Ljava/lang/Object;+114
j  org.gradle.launcher.exec.ContinuousBuildActionExecuter.execute(Lorg/gradle/internal/invocation/BuildAction;Lorg/gradle/initialization/BuildRequestContext;Ljava/lang/Object;Lorg/gradle/internal/service/ServiceRegistry;)Ljava/lang/Object;+9
j  org.gradle.launcher.daemon.server.exec.ExecuteBuild.doBuild(Lorg/gradle/launcher/daemon/server/api/DaemonCommandExecution;Lorg/gradle/launcher/daemon/protocol/Build;)V+74
j  org.gradle.launcher.daemon.server.exec.BuildCommandOnly.execute(Lorg/gradle/launcher/daemon/server/api/DaemonCommandExecution;)V+49
j  org.gradle.launcher.daemon.server.api.DaemonCommandExecution.proceed()Z+28
j  org.gradle.launcher.daemon.server.exec.WatchForDisconnection.execute(Lorg/gradle/launcher/daemon/server/api/DaemonCommandExecution;)V+19
...<more frames>...

Java frames: (J=compiled Java code, j=interpreted, Vv=VM code)
J 617  java.lang.ClassLoader.defineClass1(Ljava/lang/String;[BIILjava/security/ProtectionDomain;Ljava/lang/String;)Ljava/lang/Class; (0 bytes) @ 0x00000001116b4491 [0x00000001116b4400+0x91]
J 8664 C1 java.lang.ClassLoader.defineClass(Ljava/lang/String;[BIILjava/security/ProtectionDomain;)Ljava/lang/Class; (43 bytes) @ 0x0000000112b320dc [0x0000000112b31b00+0x5dc]
J 337 C1 java.net.URLClassLoader.defineClass(Ljava/lang/String;Lsun/misc/Resource;)Ljava/lang/Class; (142 bytes) @ 0x00000001115f3ba4 [0x00000001115f2040+0x1b64]
J 15902 C1 java.net.URLClassLoader$1.run()Ljava/lang/Class; (63 bytes) @ 0x00000001126eb0ec [0x00000001126eb000+0xec]
J 15901 C1 java.net.URLClassLoader$1.run()Ljava/lang/Object; (5 bytes) @ 0x000000011242e524 [0x000000011242e4c0+0x64]
v  ~StubRoutines::call_stub
J 275  java.security.AccessController.doPrivileged(Ljava/security/PrivilegedExceptionAction;Ljava/security/AccessControlContext;)Ljava/lang/Object; (0 bytes) @ 0x00000001115bd263 [0x00000001115bd200+0x63]
J 1193 C2 java.net.URLClassLoader.findClass(Ljava/lang/String;)Ljava/lang/Class; (47 bytes) @ 0x00000001118413fc [0x0000000111841360+0x9c]
J 1498 C2 java.lang.ClassLoader.loadClass(Ljava/lang/String;Z)Ljava/lang/Class; (122 bytes) @ 0x0000000111a7ed90 [0x0000000111a7e980+0x410]
J 3793 C2 java.lang.ClassLoader.loadClass(Ljava/lang/String;)Ljava/lang/Class; (7 bytes) @ 0x0000000111fce060 [0x0000000111fce020+0x40]
v  ~StubRoutines::call_stub
j  com.google.common.cache.LocalCache.<clinit>()V+22
v  ~StubRoutines::call_stub
j  com.google.common.cache.LocalCache$LocalLoadingCache.<init>(Lcom/google/common/cache/CacheBuilder;Lcom/google/common/cache/CacheLoader;)V+1
j  com.google.common.cache.CacheBuilder.build(Lcom/google/common/cache/CacheLoader;)Lcom/google/common/cache/LoadingCache;+10
j  com.android.builder.profile.NameAnonymizer.<init>()V+16
j  com.android.builder.profile.ProcessRecorder.<init>(Lcom/android/builder/profile/ProcessRecorder$ExecutionRecordWriter;Lcom/android/utils/ILogger;)V+14
j  com.android.builder.profile.ProcessRecorderFactory.get()Lcom/android/builder/profile/ProcessRecorder;+52
j  com.android.builder.profile.ProcessRecorderFactory.initialize(Ljava/io/File;Ljava/lang/String;Lcom/android/utils/ILogger;Ljava/io/File;)V+81
j  com.android.build.gradle.internal.profile.ProfilerInitializer.init(Lorg/gradle/api/Project;)V+72
j  com.android.build.gradle.BasePlugin.apply(Lorg/gradle/api/Project;)V+21
j  com.android.build.gradle.AppPlugin.apply(Lorg/gradle/api/Project;)V+2
j  com.android.build.gradle.AppPlugin.apply(Ljava/lang/Object;)V+5
j  org.gradle.api.internal.plugins.ImperativeOnlyPluginApplicator.applyImperative(Ljava/lang/String;Lorg/gradle/api/Plugin;)V+13
j  org.gradle.api.internal.plugins.RuleBasedPluginApplicator.applyImperative(Ljava/lang/String;Lorg/gradle/api/Plugin;)V+6
j  org.gradle.api.internal.plugins.DefaultPluginManager.doApply(Lorg/gradle/api/internal/plugins/PluginImplementation;)V+157
j  org.gradle.api.internal.plugins.DefaultPluginManager.apply(Ljava/lang/String;)V+52
j  org.gradle.api.internal.plugins.DefaultObjectConfigurationAction.applyType(Ljava/lang/String;)V+43
j  org.gradle.api.internal.plugins.DefaultObjectConfigurationAction.access$200(Lorg/gradle/api/internal/plugins/DefaultObjectConfigurationAction;Ljava/lang/String;)V+2
j  org.gradle.api.internal.plugins.DefaultObjectConfigurationAction$3.run()V+8
j  org.gradle.api.internal.plugins.DefaultObjectConfigurationAction.execute()V+58
j  org.gradle.api.internal.project.AbstractPluginAware.apply(Ljava/util/Map;)V+12
j  org.gradle.api.internal.project.ProjectScript.apply(Ljava/util/Map;)V+5
j  org.gradle.api.Script$apply$0.callCurrent(Lgroovy/lang/GroovyObject;[Ljava/lang/Object;)Ljava/lang/Object;+19
j  org.codehaus.groovy.runtime.callsite.CallSiteArray.defaultCallCurrent(Lorg/codehaus/groovy/runtime/callsite/CallSite;Lgroovy/lang/GroovyObject;[Ljava/lang/Object;)Ljava/lang/Object;+17
j  org.codehaus.groovy.runtime.callsite.AbstractCallSite.callCurrent(Lgroovy/lang/GroovyObject;[Ljava/lang/Object;)Ljava/lang/Object;+3
J 14238 C1 org.codehaus.groovy.runtime.callsite.AbstractCallSite.callCurrent(Lgroovy/lang/GroovyObject;Ljava/lang/Object;)Ljava/lang/Object; (37 bytes) @ 0x00000001117e6e24 [0x00000001117e6c60+0x1c4]
j  build_bt6ihkibce388e30p7vbvdk21.run()Ljava/lang/Object;+26
j  org.gradle.groovy.scripts.internal.DefaultScriptRunnerFactory$ScriptRunnerImpl.run(Ljava/lang/Object;Lorg/gradle/internal/service/ServiceRegistry;)V+60
j  org.gradle.configuration.DefaultScriptPluginFactory$ScriptPluginImpl$2.run()V+12
j  org.gradle.configuration.ProjectScriptTarget.addConfiguration(Ljava/lang/Runnable;Z)V+18
j  org.gradle.configuration.DefaultScriptPluginFactory$ScriptPluginImpl.apply(Ljava/lang/Object;)V+541
j  org.gradle.configuration.project.BuildScriptProcessor.execute(Lorg/gradle/api/internal/project/ProjectInternal;)V+67
j  org.gradle.configuration.project.BuildScriptProcessor.execute(Ljava/lang/Object;)V+5
j  org.gradle.configuration.project.ConfigureActionsProjectEvaluator.evaluate(Lorg/gradle/api/internal/project/ProjectInternal;Lorg/gradle/api/internal/project/ProjectStateInternal;)V+33
j  org.gradle.configuration.project.LifecycleProjectEvaluator.evaluate(Lorg/gradle/api/internal/project/ProjectInternal;Lorg/gradle/api/internal/project/ProjectStateInternal;)V+54
j  org.gradle.api.internal.project.AbstractProject.evaluate()Lorg/gradle/api/internal/project/AbstractProject;+9
j  org.gradle.api.internal.project.AbstractProject.evaluate()Lorg/gradle/api/Project;+1
j  org.gradle.execution.TaskPathProjectEvaluator.configureHierarchy(Lorg/gradle/api/internal/project/ProjectInternal;)V+82
j  org.gradle.configuration.DefaultBuildConfigurer.configure(Lorg/gradle/api/internal/GradleInternal;)V+50
j  org.gradle.initialization.DefaultGradleLauncher$2.run()V+14
J 5323 C1 org.gradle.internal.Factories$1.create()Ljava/lang/Object; (11 bytes) @ 0x00000001123fdb4c [0x00000001123fda40+0x10c]
j  org.gradle.internal.progress.DefaultBuildOperationExecutor.run(Lorg/gradle/internal/progress/BuildOperationDetails;Lorg/gradle/internal/Factory;)Ljava/lang/Object;+171
j  org.gradle.internal.progress.DefaultBuildOperationExecutor.run(Ljava/lang/String;Ljava/lang/Runnable;)V+12
j  org.gradle.initialization.DefaultGradleLauncher.doBuildStages(Lorg/gradle/initialization/DefaultGradleLauncher$Stage;)V+39
j  org.gradle.initialization.DefaultGradleLauncher.access$200(Lorg/gradle/initialization/DefaultGradleLauncher;Lorg/gradle/initialization/DefaultGradleLauncher$Stage;)V+2
j  org.gradle.initialization.DefaultGradleLauncher$1.create()Lorg/gradle/BuildResult;+29
j  org.gradle.initialization.DefaultGradleLauncher$1.create()Ljava/lang/Object;+1
j  org.gradle.internal.progress.DefaultBuildOperationExecutor.run(Lorg/gradle/internal/progress/BuildOperationDetails;Lorg/gradle/internal/Factory;)Ljava/lang/Object;+171
j  org.gradle.internal.progress.DefaultBuildOperationExecutor.run(Ljava/lang/String;Lorg/gradle/internal/Factory;)Ljava/lang/Object;+9
j  org.gradle.initialization.DefaultGradleLauncher.doBuild(Lorg/gradle/initialization/DefaultGradleLauncher$Stage;)Lorg/gradle/BuildResult;+15
j  org.gradle.initialization.DefaultGradleLauncher.getBuildAnalysis()Lorg/gradle/BuildResult;+4
j  org.gradle.launcher.exec.InProcessBuildActionExecuter$DefaultBuildController.configure()Lorg/gradle/api/internal/GradleInternal;+4
j  org.gradle.tooling.internal.provider.runner.ClientProvidedBuildActionRunner.run(Lorg/gradle/internal/invocation/BuildAction;Lorg/gradle/internal/invocation/BuildController;)V+56
j  org.gradle.launcher.exec.ChainingBuildActionRunner.run(Lorg/gradle/internal/invocation/BuildAction;Lorg/gradle/internal/invocation/BuildController;)V+34
j  org.gradle.tooling.internal.provider.runner.SubscribableBuildActionRunner.run(Lorg/gradle/internal/invocation/BuildAction;Lorg/gradle/internal/invocation/BuildController;)V+37
j  org.gradle.launcher.exec.ChainingBuildActionRunner.run(Lorg/gradle/internal/invocation/BuildAction;Lorg/gradle/internal/invocation/BuildController;)V+34
j  org.gradle.launcher.exec.InProcessBuildActionExecuter.execute(Lorg/gradle/internal/invocation/BuildAction;Lorg/gradle/initialization/BuildRequestContext;Lorg/gradle/launcher/exec/BuildActionParameters;Lorg/gradle/internal/service/ServiceRegistry;)Ljava/lang/Object;+77
j  org.gradle.launcher.exec.InProcessBuildActionExecuter.execute(Lorg/gradle/internal/invocation/BuildAction;Lorg/gradle/initialization/BuildRequestContext;Ljava/lang/Object;Lorg/gradle/internal/service/ServiceRegistry;)Ljava/lang/Object;+9
j  org.gradle.launcher.exec.ContinuousBuildActionExecuter.execute(Lorg/gradle/internal/invocation/BuildAction;Lorg/gradle/initialization/BuildRequestContext;Lorg/gradle/launcher/exec/BuildActionParameters;Lorg/gradle/internal/service/ServiceRegistry;)Ljava/lang/Object;+114
j  org.gradle.launcher.exec.ContinuousBuildActionExecuter.execute(Lorg/gradle/internal/invocation/BuildAction;Lorg/gradle/initialization/BuildRequestContext;Ljava/lang/Object;Lorg/gradle/internal/service/ServiceRegistry;)Ljava/lang/Object;+9
j  org.gradle.launcher.daemon.server.exec.ExecuteBuild.doBuild(Lorg/gradle/launcher/daemon/server/api/DaemonCommandExecution;Lorg/gradle/launcher/daemon/protocol/Build;)V+74
j  org.gradle.launcher.daemon.server.exec.BuildCommandOnly.execute(Lorg/gradle/launcher/daemon/server/api/DaemonCommandExecution;)V+49
j  org.gradle.launcher.daemon.server.api.DaemonCommandExecution.proceed()Z+28
j  org.gradle.launcher.daemon.server.exec.WatchForDisconnection.execute(Lorg/gradle/launcher/daemon/server/api/DaemonCommandExecution;)V+19
j  org.gradle.launcher.daemon.server.api.DaemonCommandExecution.proceed()Z+28
j  org.gradle.launcher.daemon.server.exec.ResetDeprecationLogger.execute(Lorg/gradle/launcher/daemon/server/api/DaemonCommandExecution;)V+4
j  org.gradle.launcher.daemon.server.api.DaemonCommandExecution.proceed()Z+28
j  org.gradle.launcher.daemon.server.exec.RequestStopIfSingleUsedDaemon.execute(Lorg/gradle/launcher/daemon/server/api/DaemonCommandExecution;)V+31
j  org.gradle.launcher.daemon.server.api.DaemonCommandExecution.proceed()Z+28
j  org.gradle.launcher.daemon.server.exec.ForwardClientInput$2.call()Ljava/lang/Void;+4
j  org.gradle.launcher.daemon.server.exec.ForwardClientInput$2.call()Ljava/lang/Object;+1
j  org.gradle.util.Swapper.swap(Ljava/lang/Object;Ljava/util/concurrent/Callable;)Ljava/lang/Object;+21
j  org.gradle.launcher.daemon.server.exec.ForwardClientInput.execute(Lorg/gradle/launcher/daemon/server/api/DaemonCommandExecution;)V+63
j  org.gradle.launcher.daemon.server.api.DaemonCommandExecution.proceed()Z+28
j  org.gradle.launcher.daemon.server.health.DaemonHealthTracker.execute(Lorg/gradle/launcher/daemon/server/api/DaemonCommandExecution;)V+35
j  org.gradle.launcher.daemon.server.api.DaemonCommandExecution.proceed()Z+28
j  org.gradle.launcher.daemon.server.exec.LogToClient.doBuild(Lorg/gradle/launcher/daemon/server/api/DaemonCommandExecution;Lorg/gradle/launcher/daemon/protocol/Build;)V+87
j  org.gradle.launcher.daemon.server.exec.BuildCommandOnly.execute(Lorg/gradle/launcher/daemon/server/api/DaemonCommandExecution;)V+49
j  org.gradle.launcher.daemon.server.api.DaemonCommandExecution.proceed()Z+28
j  org.gradle.launcher.daemon.server.exec.EstablishBuildEnvironment.doBuild(Lorg/gradle/launcher/daemon/server/api/DaemonCommandExecution;Lorg/gradle/launcher/daemon/protocol/Build;)V+279
j  org.gradle.launcher.daemon.server.exec.BuildCommandOnly.execute(Lorg/gradle/launcher/daemon/server/api/DaemonCommandExecution;)V+49
j  org.gradle.launcher.daemon.server.api.DaemonCommandExecution.proceed()Z+28
j  org.gradle.launcher.daemon.server.health.HintGCAfterBuild.execute(Lorg/gradle/launcher/daemon/server/api/DaemonCommandExecution;)V+1
j  org.gradle.launcher.daemon.server.api.DaemonCommandExecution.proceed()Z+28
j  org.gradle.launcher.daemon.server.exec.StartBuildOrRespondWithBusy$1.run()V+44
j  org.gradle.launcher.daemon.server.DaemonStateCoordinator$1.run()V+4
j  org.gradle.internal.concurrent.ExecutorPolicy$CatchAndRecordFailures.onExecute(Ljava/lang/Runnable;)V+1
j  org.gradle.internal.concurrent.StoppableExecutorImpl$1.run()V+25
j  java.util.concurrent.ThreadPoolExecutor.runWorker(Ljava/util/concurrent/ThreadPoolExecutor$Worker;)V+95
j  java.util.concurrent.ThreadPoolExecutor$Worker.run()V+5
j  java.lang.Thread.run()V+11
v  ~StubRoutines::call_stub

---------------  P R O C E S S  ---------------

Java Threads: ( => current thread )
  0x00007f9ba7470000 JavaThread "Stdin handler" [_thread_blocked, id=26147, stack(0x000070000bf5c000,0x000070000c05c000)]
  0x00007f9ba717d800 JavaThread "Asynchronous log dispatcher for org.gradle.launcher.daemon.server.DefaultDaemonConnection@14800487" [_thread_blocked, id=28175, stack(0x000070000be59000,0x000070000bf59000)]
=>0x00007f9ba82a6800 JavaThread "Daemon worker Thread 5" [_thread_in_vm, id=21263, stack(0x000070000bd56000,0x000070000be56000)]
  0x00007f9ba7784800 JavaThread "Cancel handler" [_thread_blocked, id=25379, stack(0x000070000bc53000,0x000070000bd53000)]
  0x00007f9ba8319000 JavaThread "Handler for socket connection from /127.0.0.1:57914 to /127.0.0.1:50892" [_thread_in_native, id=21787, stack(0x000070000bb50000,0x000070000bc50000)]
  0x00007f9ba850b000 JavaThread "Daemon Thread 5" [_thread_blocked, id=4127, stack(0x000070000ba4d000,0x000070000bb4d000)]
  0x00007f9ba44bb800 JavaThread "pool-6-thread-4" [_thread_blocked, id=26651, stack(0x000070000c516000,0x000070000c616000)]
  0x00007f9ba7509800 JavaThread "pool-6-thread-3" [_thread_blocked, id=14867, stack(0x000070000c413000,0x000070000c513000)]
  0x00007f9ba7784000 JavaThread "pool-6-thread-2" [_thread_blocked, id=24843, stack(0x000070000c20d000,0x000070000c30d000)]
  0x00007f9ba2fa5800 JavaThread "pool-6-thread-1" [_thread_blocked, id=24327, stack(0x000070000c10a000,0x000070000c20a000)]
  0x00007f9ba7107000 JavaThread "File lock request listener" [_thread_in_native, id=4615, stack(0x000070000a894000,0x000070000a994000)]
  0x00007f9ba3b0f000 JavaThread "Incoming local TCP Connector on port 57914" [_thread_in_native, id=20227, stack(0x000070000b8c7000,0x000070000b9c7000)]
  0x00007f9ba4284800 JavaThread "pool-1-thread-1" [_thread_blocked, id=19715, stack(0x000070000b7c4000,0x000070000b8c4000)]
  0x00007f9ba3836800 JavaThread "Service Thread" daemon [_thread_blocked, id=18691, stack(0x000070000b5be000,0x000070000b6be000)]
  0x00007f9ba2825800 JavaThread "C1 CompilerThread2" daemon [_thread_blocked, id=18179, stack(0x000070000b4bb000,0x000070000b5bb000)]
  0x00007f9ba3806000 JavaThread "C2 CompilerThread1" daemon [_thread_blocked, id=17667, stack(0x000070000b3b8000,0x000070000b4b8000)]
  0x00007f9ba2833800 JavaThread "C2 CompilerThread0" daemon [_thread_in_native, id=17155, stack(0x000070000b2b5000,0x000070000b3b5000)]
  0x00007f9ba2832800 JavaThread "Signal Dispatcher" daemon [_thread_blocked, id=16643, stack(0x000070000b1b2000,0x000070000b2b2000)]
  0x00007f9ba2822800 JavaThread "Finalizer" daemon [_thread_blocked, id=12547, stack(0x000070000b0af000,0x000070000b1af000)]
  0x00007f9ba303e000 JavaThread "Reference Handler" daemon [_thread_blocked, id=12035, stack(0x000070000afac000,0x000070000b0ac000)]
  0x00007f9ba3003800 JavaThread "main" [_thread_blocked, id=7171, stack(0x000070000a99a000,0x000070000aa9a000)]

Other Threads:
  0x00007f9ba2821800 VMThread [stack: 0x000070000aea9000,0x000070000afa9000] [id=11523]
  0x00007f9ba2855000 WatcherThread [stack: 0x000070000b6c1000,0x000070000b7c1000] [id=19203]

VM state:not at safepoint (normal execution)

VM Mutex/Monitor currently owned by a thread: None

Heap:
 PSYoungGen      total 256512K, used 98453K [0x00000007aab00000, 0x00000007c0000000, 0x00000007c0000000)
  eden space 162304K, 60% used [0x00000007aab00000,0x00000007b0b256b8,0x00000007b4980000)
  from space 94208K, 0% used [0x00000007ba400000,0x00000007ba400000,0x00000007c0000000)
  to   space 92672K, 0% used [0x00000007b4980000,0x00000007b4980000,0x00000007ba400000)
 ParOldGen       total 173056K, used 41831K [0x0000000780000000, 0x000000078a900000, 0x00000007aab00000)
  object space 173056K, 24% used [0x0000000780000000,0x00000007828d9d80,0x000000078a900000)
 Metaspace       used 69999K, capacity 72188K, committed 72320K, reserved 1112064K
  class space    used 9058K, capacity 9519K, committed 9600K, reserved 1048576K

Card table byte_map: [0x000000010e349000,0x000000010e54a000] byte_map_base: 0x000000010a749000

Marking Bits: (ParMarkBitMap*) 0x000000010d8dee20
 Begin Bits: [0x000000010e6a0000, 0x000000010f6a0000)
 End Bits:   [0x000000010f6a0000, 0x00000001106a0000)

Polling page: 0x000000010c735000

CodeCache: size=245760Kb used=42618Kb max_used=42888Kb free=203141Kb
 bounds [0x0000000111427000, 0x0000000113e57000, 0x0000000120427000]
 total_blobs=13862 nmethods=13093 adapters=680
 compilation: enabled

Compilation events (10 events):
Event: 2624.698 Thread 0x00007f9ba2825800 nmethod 16633 0x0000000111561810 code [0x0000000111561960, 0x0000000111561a70]
Event: 2624.862 Thread 0x00007f9ba2825800 16634       2       jdk.internal.org.objectweb.asm.ClassWriter::toByteArray (1289 bytes)
Event: 2624.870 Thread 0x00007f9ba2825800 nmethod 16634 0x0000000111cc0a50 code [0x0000000111cc1080, 0x0000000111cc2d18]
Event: 2624.883 Thread 0x00007f9ba3806000 nmethod 16554 0x0000000113e39350 code [0x0000000113e39fa0, 0x0000000113e45a58]
Event: 2624.891 Thread 0x00007f9ba3806000 16575   !   4       java.util.zip.ZipFile::getInputStream (304 bytes)
Event: 2624.936 Thread 0x00007f9ba3806000 nmethod 16575 0x0000000111ccf750 code [0x0000000111ccf9c0, 0x0000000111cd1340]
Event: 2624.945 Thread 0x00007f9ba3806000 16558       4       java.util.concurrent.ConcurrentHashMap::putIfAbsent (8 bytes)
Event: 2624.946 Thread 0x00007f9ba3806000 nmethod 16558 0x00000001121a10d0 code [0x00000001121a1220, 0x00000001121a12a8]
Event: 2624.993 Thread 0x00007f9ba3806000 16635  s    4       java.io.DataOutputStream::write (16 bytes)
Event: 2624.996 Thread 0x00007f9ba3806000 nmethod 16635 0x00000001118ac590 code [0x00000001118ac6e0, 0x00000001118aca18]

GC Heap History (10 events):
Event: 1972.376 GC heap before
{Heap before GC invocations=38 (full 7):
 PSYoungGen      total 265728K, used 263458K [0x00000007aab00000, 0x00000007c0000000, 0x00000007c0000000)
  eden space 215040K, 98% used [0x00000007aab00000,0x00000007b7acdef0,0x00000007b7d00000)
  from space 50688K, 99% used [0x00000007bce80000,0x00000007bfffaa38,0x00000007c0000000)
  to   space 67072K, 0% used [0x00000007b7d00000,0x00000007b7d00000,0x00000007bbe80000)
 ParOldGen       total 173056K, used 64212K [0x0000000780000000, 0x000000078a900000, 0x00000007aab00000)
  object space 173056K, 37% used [0x0000000780000000,0x0000000783eb53b8,0x000000078a900000)
 Metaspace       used 68342K, capacity 70372K, committed 70528K, reserved 1110016K
  class space    used 8824K, capacity 9231K, committed 9344K, reserved 1048576K
Event: 1972.462 GC heap after
Heap after GC invocations=38 (full 7):
 PSYoungGen      total 276992K, used 61881K [0x00000007aab00000, 0x00000007c0000000, 0x00000007c0000000)
  eden space 215040K, 0% used [0x00000007aab00000,0x00000007aab00000,0x00000007b7d00000)
  from space 61952K, 99% used [0x00000007b7d00000,0x00000007bb96e540,0x00000007bb980000)
  to   space 72192K, 0% used [0x00000007bb980000,0x00000007bb980000,0x00000007c0000000)
 ParOldGen       total 173056K, used 64220K [0x0000000780000000, 0x000000078a900000, 0x00000007aab00000)
  object space 173056K, 37% used [0x0000000780000000,0x0000000783eb73b8,0x000000078a900000)
 Metaspace       used 68342K, capacity 70372K, committed 70528K, reserved 1110016K
  class space    used 8824K, capacity 9231K, committed 9344K, reserved 1048576K
}
Event: 1973.363 GC heap before
{Heap before GC invocations=39 (full 7):
 PSYoungGen      total 276992K, used 272128K [0x00000007aab00000, 0x00000007c0000000, 0x00000007c0000000)
  eden space 215040K, 97% used [0x00000007aab00000,0x00000007b7851d40,0x00000007b7d00000)
  from space 61952K, 99% used [0x00000007b7d00000,0x00000007bb96e540,0x00000007bb980000)
  to   space 72192K, 0% used [0x00000007bb980000,0x00000007bb980000,0x00000007c0000000)
 ParOldGen       total 173056K, used 64220K [0x0000000780000000, 0x000000078a900000, 0x00000007aab00000)
  object space 173056K, 37% used [0x0000000780000000,0x0000000783eb73b8,0x000000078a900000)
 Metaspace       used 68347K, capacity 70372K, committed 70528K, reserved 1110016K
  class space    used 8824K, capacity 9231K, committed 9344K, reserved 1048576K
Event: 1973.497 GC heap after
Heap after GC invocations=39 (full 7):
 PSYoungGen      total 247296K, used 71550K [0x00000007aab00000, 0x00000007c0000000, 0x00000007c0000000)
  eden space 175104K, 0% used [0x00000007aab00000,0x00000007aab00000,0x00000007b5600000)
  from space 72192K, 99% used [0x00000007bb980000,0x00000007bff5fb80,0x00000007c0000000)
  to   space 87040K, 0% used [0x00000007b5600000,0x00000007b5600000,0x00000007bab00000)
 ParOldGen       total 173056K, used 73611K [0x0000000780000000, 0x000000078a900000, 0x00000007aab00000)
  object space 173056K, 42% used [0x0000000780000000,0x00000007847e2c08,0x000000078a900000)
 Metaspace       used 68347K, capacity 70372K, committed 70528K, reserved 1110016K
  class space    used 8824K, capacity 9231K, committed 9344K, reserved 1048576K
}
Event: 1973.697 GC heap before
{Heap before GC invocations=40 (full 7):
 PSYoungGen      total 247296K, used 246000K [0x00000007aab00000, 0x00000007c0000000, 0x00000007c0000000)
  eden space 175104K, 99% used [0x00000007aab00000,0x00000007b555c5d0,0x00000007b5600000)
  from space 72192K, 99% used [0x00000007bb980000,0x00000007bff5fb80,0x00000007c0000000)
  to   space 87040K, 0% used [0x00000007b5600000,0x00000007b5600000,0x00000007bab00000)
 ParOldGen       total 173056K, used 73611K [0x0000000780000000, 0x000000078a900000, 0x00000007aab00000)
  object space 173056K, 42% used [0x0000000780000000,0x00000007847e2c08,0x000000078a900000)
 Metaspace       used 68373K, capacity 70376K, committed 70528K, reserved 1110016K
  class space    used 8824K, capacity 9231K, committed 9344K, reserved 1048576K
Event: 1973.775 GC heap after
Heap after GC invocations=40 (full 7):
 PSYoungGen      total 242688K, used 67456K [0x00000007aab00000, 0x00000007c0000000, 0x00000007c0000000)
  eden space 175104K, 0% used [0x00000007aab00000,0x00000007aab00000,0x00000007b5600000)
  from space 67584K, 99% used [0x00000007b5600000,0x00000007b97e0070,0x00000007b9800000)
  to   space 94208K, 0% used [0x00000007ba400000,0x00000007ba400000,0x00000007c0000000)
 ParOldGen       total 173056K, used 73611K [0x0000000780000000, 0x000000078a900000, 0x00000007aab00000)
  object space 173056K, 42% used [0x0000000780000000,0x00000007847e2c08,0x000000078a900000)
 Metaspace       used 68373K, capacity 70376K, committed 70528K, reserved 1110016K
  class space    used 8824K, capacity 9231K, committed 9344K, reserved 1048576K
}
Event: 1974.312 GC heap before
{Heap before GC invocations=41 (full 7):
 PSYoungGen      total 242688K, used 128227K [0x00000007aab00000, 0x00000007c0000000, 0x00000007c0000000)
  eden space 175104K, 34% used [0x00000007aab00000,0x00000007ae658f70,0x00000007b5600000)
  from space 67584K, 99% used [0x00000007b5600000,0x00000007b97e0070,0x00000007b9800000)
  to   space 94208K, 0% used [0x00000007ba400000,0x00000007ba400000,0x00000007c0000000)
 ParOldGen       total 173056K, used 73611K [0x0000000780000000, 0x000000078a900000, 0x00000007aab00000)
  object space 173056K, 42% used [0x0000000780000000,0x00000007847e2c08,0x000000078a900000)
 Metaspace       used 68375K, capacity 70376K, committed 70528K, reserved 1110016K
  class space    used 8824K, capacity 9231K, committed 9344K, reserved 1048576K
Event: 1974.370 GC heap after
Heap after GC invocations=41 (full 7):
 PSYoungGen      total 256512K, used 48100K [0x00000007aab00000, 0x00000007c0000000, 0x00000007c0000000)
  eden space 162304K, 0% used [0x00000007aab00000,0x00000007aab00000,0x00000007b4980000)
  from space 94208K, 51% used [0x00000007ba400000,0x00000007bd2f9328,0x00000007c0000000)
  to   space 92672K, 0% used [0x00000007b4980000,0x00000007b4980000,0x00000007ba400000)
 ParOldGen       total 173056K, used 73611K [0x0000000780000000, 0x000000078a900000, 0x00000007aab00000)
  object space 173056K, 42% used [0x0000000780000000,0x00000007847e2c08,0x000000078a900000)
 Metaspace       used 68375K, capacity 70376K, committed 70528K, reserved 1110016K
  class space    used 8824K, capacity 9231K, committed 9344K, reserved 1048576K
}
Event: 1974.370 GC heap before
{Heap before GC invocations=42 (full 8):
 PSYoungGen      total 256512K, used 48100K [0x00000007aab00000, 0x00000007c0000000, 0x00000007c0000000)
  eden space 162304K, 0% used [0x00000007aab00000,0x00000007aab00000,0x00000007b4980000)
  from space 94208K, 51% used [0x00000007ba400000,0x00000007bd2f9328,0x00000007c0000000)
  to   space 92672K, 0% used [0x00000007b4980000,0x00000007b4980000,0x00000007ba400000)
 ParOldGen       total 173056K, used 73611K [0x0000000780000000, 0x000000078a900000, 0x00000007aab00000)
  object space 173056K, 42% used [0x0000000780000000,0x00000007847e2c08,0x000000078a900000)
 Metaspace       used 68375K, capacity 70376K, committed 70528K, reserved 1110016K
  class space    used 8824K, capacity 9231K, committed 9344K, reserved 1048576K
Event: 1975.006 GC heap after
Heap after GC invocations=42 (full 8):
 PSYoungGen      total 256512K, used 0K [0x00000007aab00000, 0x00000007c0000000, 0x00000007c0000000)
  eden space 162304K, 0% used [0x00000007aab00000,0x00000007aab00000,0x00000007b4980000)
  from space 94208K, 0% used [0x00000007ba400000,0x00000007ba400000,0x00000007c0000000)
  to   space 92672K, 0% used [0x00000007b4980000,0x00000007b4980000,0x00000007ba400000)
 ParOldGen       total 173056K, used 41831K [0x0000000780000000, 0x000000078a900000, 0x00000007aab00000)
  object space 173056K, 24% used [0x0000000780000000,0x00000007828d9d80,0x000000078a900000)
 Metaspace       used 68257K, capacity 70198K, committed 70528K, reserved 1110016K
  class space    used 8806K, capacity 9190K, committed 9344K, reserved 1048576K
}

Deoptimization events (10 events):
Event: 2623.242 Thread 0x00007f9ba82a6800 Uncommon trap: reason=class_check action=maybe_recompile pc=0x000000011209f6b0 method=java.io.ObjectInputStream$PeekInputStream.peek()I @ 19
Event: 2623.243 Thread 0x00007f9ba82a6800 Uncommon trap: reason=class_check action=maybe_recompile pc=0x000000011209f6b0 method=java.io.ObjectInputStream$PeekInputStream.peek()I @ 19
Event: 2623.369 Thread 0x00007f9ba82a6800 Uncommon trap: reason=array_check action=maybe_recompile pc=0x0000000113af3254 method=java.util.ComparableTimSort.mergeHi(IIII)V @ 101
Event: 2623.396 Thread 0x00007f9ba82a6800 Uncommon trap: reason=array_check action=maybe_recompile pc=0x0000000113aefe04 method=java.util.ComparableTimSort.mergeLo(IIII)V @ 81
Event: 2623.396 Thread 0x00007f9ba82a6800 Uncommon trap: reason=array_check action=maybe_recompile pc=0x0000000113aefe04 method=java.util.ComparableTimSort.mergeLo(IIII)V @ 81
Event: 2623.396 Thread 0x00007f9ba82a6800 Uncommon trap: reason=array_check action=maybe_recompile pc=0x0000000113aefe04 method=java.util.ComparableTimSort.mergeLo(IIII)V @ 81
Event: 2623.404 Thread 0x00007f9ba82a6800 Uncommon trap: reason=unstable_if action=reinterpret pc=0x00000001130be338 method=org.codehaus.groovy.util.ReferenceManager$2.afterReferenceCreation(Lorg/codehaus/groovy/util/Reference;)V @ 8
Event: 2623.407 Thread 0x00007f9ba82a6800 Uncommon trap: reason=array_check action=maybe_recompile pc=0x0000000113aefe04 method=java.util.ComparableTimSort.mergeLo(IIII)V @ 81
Event: 2623.407 Thread 0x00007f9ba82a6800 Uncommon trap: reason=array_check action=maybe_recompile pc=0x0000000113af3254 method=java.util.ComparableTimSort.mergeHi(IIII)V @ 101
Event: 2623.407 Thread 0x00007f9ba82a6800 Uncommon trap: reason=array_check action=maybe_recompile pc=0x0000000113af3254 method=java.util.ComparableTimSort.mergeHi(IIII)V @ 101

Internal exceptions (10 events):
Event: 2624.582 Thread 0x00007f9ba82a6800 Exception <a 'java/security/PrivilegedActionException'> (0x00000007aff04488) thrown at [/Users/java_re/workspace/8-2-build-macosx-x86_64/jdk8u60/4407/hotspot/src/share/vm/prims/jvm.cpp, line 1386]
Event: 2624.582 Thread 0x00007f9ba82a6800 Exception <a 'java/security/PrivilegedActionException'> (0x00000007aff04a68) thrown at [/Users/java_re/workspace/8-2-build-macosx-x86_64/jdk8u60/4407/hotspot/src/share/vm/prims/jvm.cpp, line 1386]
Event: 2624.621 Thread 0x00007f9ba82a6800 Exception <a 'java/security/PrivilegedActionException'> (0x00000007b0032ec0) thrown at [/Users/java_re/workspace/8-2-build-macosx-x86_64/jdk8u60/4407/hotspot/src/share/vm/prims/jvm.cpp, line 1386]
Event: 2624.621 Thread 0x00007f9ba82a6800 Exception <a 'java/security/PrivilegedActionException'> (0x00000007b00334a0) thrown at [/Users/java_re/workspace/8-2-build-macosx-x86_64/jdk8u60/4407/hotspot/src/share/vm/prims/jvm.cpp, line 1386]
Event: 2624.621 Thread 0x00007f9ba82a6800 Exception <a 'java/security/PrivilegedActionException'> (0x00000007b0035618) thrown at [/Users/java_re/workspace/8-2-build-macosx-x86_64/jdk8u60/4407/hotspot/src/share/vm/prims/jvm.cpp, line 1386]
Event: 2624.621 Thread 0x00007f9ba82a6800 Exception <a 'java/security/PrivilegedActionException'> (0x00000007b0035bf8) thrown at [/Users/java_re/workspace/8-2-build-macosx-x86_64/jdk8u60/4407/hotspot/src/share/vm/prims/jvm.cpp, line 1386]
Event: 2624.641 Thread 0x00007f9ba82a6800 Exception <a 'java/lang/ClassNotFoundException': build_4l6w8uzlqr1ysbecgw7qslqpdBeanInfo> (0x00000007b0088110) thrown at [/Users/java_re/workspace/8-2-build-macosx-x86_64/jdk8u60/4407/hotspot/src/share/vm/classfile/systemDictionary.cpp, line 210]
Event: 2624.641 Thread 0x00007f9ba82a6800 Exception <a 'java/lang/ClassNotFoundException': build_4l6w8uzlqr1ysbecgw7qslqpdCustomizer> (0x00000007b00960a0) thrown at [/Users/java_re/workspace/8-2-build-macosx-x86_64/jdk8u60/4407/hotspot/src/share/vm/classfile/systemDictionary.cpp, line 210]
Event: 2624.682 Thread 0x00007f9ba82a6800 Exception <a 'java/lang/ClassNotFoundException': build_bt6ihkibce388e30p7vbvdk21BeanInfo> (0x00000007b0185d00) thrown at [/Users/java_re/workspace/8-2-build-macosx-x86_64/jdk8u60/4407/hotspot/src/share/vm/classfile/systemDictionary.cpp, line 210]
Event: 2624.682 Thread 0x00007f9ba82a6800 Exception <a 'java/lang/ClassNotFoundException': build_bt6ihkibce388e30p7vbvdk21Customizer> (0x00000007b0195258) thrown at [/Users/java_re/workspace/8-2-build-macosx-x86_64/jdk8u60/4407/hotspot/src/share/vm/classfile/systemDictionary.cpp, line 210]

Events (10 events):
Event: 2624.947 Thread 0x00007f9ba3806000 flushing nmethod 0x0000000112d39190
Event: 2624.948 Thread 0x00007f9ba3806000 flushing nmethod 0x0000000112d420d0
Event: 2624.948 Thread 0x00007f9ba3806000 flushing nmethod 0x0000000112d4da10
Event: 2624.948 Thread 0x00007f9ba3806000 flushing nmethod 0x0000000112d555d0
Event: 2624.948 Thread 0x00007f9ba3806000 flushing nmethod 0x0000000112d61d10
Event: 2624.948 Thread 0x00007f9ba3806000 flushing nmethod 0x0000000112d6f010
Event: 2624.948 Thread 0x00007f9ba3806000 flushing nmethod 0x0000000112d71210
Event: 2624.948 Thread 0x00007f9ba3806000 flushing nmethod 0x0000000112d72fd0
Event: 2624.948 Thread 0x00007f9ba3806000 flushing nmethod 0x0000000112d84650
Event: 2624.949 Thread 0x00007f9ba3806000 flushing nmethod 0x0000000112def590


Dynamic libraries:
0x0000000012ebe000 	/System/Library/Frameworks/Cocoa.framework/Versions/A/Cocoa
0x0000000012ebe000 	/System/Library/Frameworks/Security.framework/Versions/A/Security
0x0000000012ebe000 	/System/Library/Frameworks/ApplicationServices.framework/Versions/A/ApplicationServices
0x0000000012ebe000 	/usr/lib/libz.1.dylib
0x0000000012ebe000 	/usr/lib/libSystem.B.dylib
0x0000000012ebe000 	/usr/lib/libobjc.A.dylib
0x0000000012ebe000 	/System/Library/Frameworks/CoreFoundation.framework/Versions/A/CoreFoundation
0x0000000012ebe000 	/System/Library/Frameworks/Foundation.framework/Versions/C/Foundation
0x0000000012ebe000 	/System/Library/Frameworks/AppKit.framework/Versions/C/AppKit
0x0000000012ebe000 	/System/Library/Frameworks/CoreData.framework/Versions/A/CoreData
0x0000000012ebe000 	/System/Library/PrivateFrameworks/RemoteViewServices.framework/Versions/A/RemoteViewServices
0x0000000012ebe000 	/System/Library/PrivateFrameworks/UIFoundation.framework/Versions/A/UIFoundation
0x0000000012ebe000 	/usr/lib/libenergytrace.dylib
0x0000000012ebe000 	/System/Library/PrivateFrameworks/SkyLight.framework/Versions/A/SkyLight
0x0000000012ebe000 	/System/Library/Frameworks/CoreGraphics.framework/Versions/A/CoreGraphics
0x0000000012ebe000 	/usr/lib/libScreenReader.dylib
0x0000000012ebe000 	/System/Library/Frameworks/Accelerate.framework/Versions/A/Accelerate
0x0000000012ebe000 	/System/Library/Frameworks/IOSurface.framework/Versions/A/IOSurface
0x0000000012ebe000 	/System/Library/Frameworks/AudioToolbox.framework/Versions/A/AudioToolbox
0x0000000012ebe000 	/System/Library/Frameworks/AudioUnit.framework/Versions/A/AudioUnit
0x0000000012ebe000 	/System/Library/PrivateFrameworks/DataDetectorsCore.framework/Versions/A/DataDetectorsCore
0x0000000012ebe000 	/System/Library/PrivateFrameworks/DesktopServicesPriv.framework/Versions/A/DesktopServicesPriv
0x0000000012ebe000 	/System/Library/Frameworks/Carbon.framework/Versions/A/Frameworks/HIToolbox.framework/Versions/A/HIToolbox
0x0000000012ebe000 	/usr/lib/libicucore.A.dylib
0x0000000012ebe000 	/System/Library/Frameworks/QuartzCore.framework/Versions/A/QuartzCore
0x0000000012ebe000 	/System/Library/Frameworks/Carbon.framework/Versions/A/Frameworks/SpeechRecognition.framework/Versions/A/SpeechRecognition
0x0000000012ebe000 	/usr/lib/libauto.dylib
0x0000000012ebe000 	/usr/lib/libxml2.2.dylib
0x0000000012ebe000 	/System/Library/PrivateFrameworks/CoreUI.framework/Versions/A/CoreUI
0x0000000012ebe000 	/System/Library/Frameworks/CoreAudio.framework/Versions/A/CoreAudio
0x0000000012ebe000 	/System/Library/Frameworks/DiskArbitration.framework/Versions/A/DiskArbitration
0x0000000012ebe000 	/usr/lib/liblangid.dylib
0x0000000012ebe000 	/System/Library/PrivateFrameworks/MultitouchSupport.framework/Versions/A/MultitouchSupport
0x0000000012ebe000 	/System/Library/Frameworks/IOKit.framework/Versions/A/IOKit
0x0000000012ebe000 	/usr/lib/libDiagnosticMessagesClient.dylib
0x0000000012ebe000 	/System/Library/Frameworks/CoreServices.framework/Versions/A/CoreServices
0x0000000012ebe000 	/System/Library/PrivateFrameworks/PerformanceAnalysis.framework/Versions/A/PerformanceAnalysis
0x0000000012ebe000 	/System/Library/PrivateFrameworks/GenerationalStorage.framework/Versions/A/GenerationalStorage
0x0000000012ebe000 	/System/Library/Frameworks/OpenGL.framework/Versions/A/OpenGL
0x0000000012ebe000 	/System/Library/Frameworks/CoreImage.framework/Versions/A/CoreImage
0x0000000012ebe000 	/System/Library/Frameworks/CoreText.framework/Versions/A/CoreText
0x0000000012ebe000 	/System/Library/Frameworks/ImageIO.framework/Versions/A/ImageIO
0x0000000012ebe000 	/System/Library/PrivateFrameworks/Backup.framework/Versions/A/Backup
0x0000000012ebe000 	/usr/lib/libarchive.2.dylib
0x0000000012ebe000 	/System/Library/Frameworks/CFNetwork.framework/Versions/A/CFNetwork
0x0000000012ebe000 	/System/Library/Frameworks/SystemConfiguration.framework/Versions/A/SystemConfiguration
0x0000000012ebe000 	/usr/lib/libCRFSuite.dylib
0x0000000012ebe000 	/usr/lib/libc++.1.dylib
0x0000000012ebe000 	/usr/lib/libc++abi.dylib
0x0000000012ebe000 	/usr/lib/system/libcache.dylib
0x0000000012ebe000 	/usr/lib/system/libcommonCrypto.dylib
0x0000000012ebe000 	/usr/lib/system/libcompiler_rt.dylib
0x0000000012ebe000 	/usr/lib/system/libcopyfile.dylib
0x0000000012ebe000 	/usr/lib/system/libcorecrypto.dylib
0x0000000012ebe000 	/usr/lib/system/libdispatch.dylib
0x0000000012ebe000 	/usr/lib/system/libdyld.dylib
0x0000000012ebe000 	/usr/lib/system/libkeymgr.dylib
0x0000000012ebe000 	/usr/lib/system/liblaunch.dylib
0x0000000012ebe000 	/usr/lib/system/libmacho.dylib
0x0000000012ebe000 	/usr/lib/system/libquarantine.dylib
0x0000000012ebe000 	/usr/lib/system/libremovefile.dylib
0x0000000012ebe000 	/usr/lib/system/libsystem_asl.dylib
0x0000000012ebe000 	/usr/lib/system/libsystem_blocks.dylib
0x0000000012ebe000 	/usr/lib/system/libsystem_c.dylib
0x0000000012ebe000 	/usr/lib/system/libsystem_configuration.dylib
0x0000000012ebe000 	/usr/lib/system/libsystem_coreservices.dylib
0x0000000012ebe000 	/usr/lib/system/libsystem_coretls.dylib
0x0000000012ebe000 	/usr/lib/system/libsystem_dnssd.dylib
0x0000000012ebe000 	/usr/lib/system/libsystem_info.dylib
0x0000000012ebe000 	/usr/lib/system/libsystem_kernel.dylib
0x0000000012ebe000 	/usr/lib/system/libsystem_m.dylib
0x0000000012ebe000 	/usr/lib/system/libsystem_malloc.dylib
0x0000000012ebe000 	/usr/lib/system/libsystem_network.dylib
0x0000000012ebe000 	/usr/lib/system/libsystem_networkextension.dylib
0x0000000012ebe000 	/usr/lib/system/libsystem_notify.dylib
0x0000000012ebe000 	/usr/lib/system/libsystem_platform.dylib
0x0000000012ebe000 	/usr/lib/system/libsystem_pthread.dylib
0x0000000012ebe000 	/usr/lib/system/libsystem_sandbox.dylib
0x0000000012ebe000 	/usr/lib/system/libsystem_secinit.dylib
0x0000000012ebe000 	/usr/lib/system/libsystem_symptoms.dylib
0x0000000012ebe000 	/usr/lib/system/libsystem_trace.dylib
0x0000000012ebe000 	/usr/lib/system/libunwind.dylib
0x0000000012ebe000 	/usr/lib/system/libxpc.dylib
0x0000000012ebe000 	/usr/lib/libbsm.0.dylib
0x0000000012ebe000 	/usr/lib/system/libkxld.dylib
0x0000000012ebe000 	/usr/lib/libcoretls.dylib
0x0000000012ebe000 	/usr/lib/libcoretls_cfhelpers.dylib
0x0000000012ebe000 	/usr/lib/libxar.1.dylib
0x0000000012ebe000 	/usr/lib/libsqlite3.dylib
0x0000000012ebe000 	/usr/lib/libpam.2.dylib
0x0000000012ebe000 	/usr/lib/libOpenScriptingUtil.dylib
0x0000000012ebe000 	/usr/lib/libbz2.1.0.dylib
0x0000000012ebe000 	/usr/lib/liblzma.5.dylib
0x0000000012ebe000 	/usr/lib/libnetwork.dylib
0x0000000012ebe000 	/usr/lib/libpcap.A.dylib
0x0000000012ebe000 	/System/Library/Frameworks/CoreServices.framework/Versions/A/Frameworks/FSEvents.framework/Versions/A/FSEvents
0x0000000012ebe000 	/System/Library/Frameworks/CoreServices.framework/Versions/A/Frameworks/CarbonCore.framework/Versions/A/CarbonCore
0x0000000012ebe000 	/System/Library/Frameworks/CoreServices.framework/Versions/A/Frameworks/Metadata.framework/Versions/A/Metadata
0x0000000012ebe000 	/System/Library/Frameworks/CoreServices.framework/Versions/A/Frameworks/OSServices.framework/Versions/A/OSServices
0x0000000012ebe000 	/System/Library/Frameworks/CoreServices.framework/Versions/A/Frameworks/SearchKit.framework/Versions/A/SearchKit
0x0000000012ebe000 	/System/Library/Frameworks/CoreServices.framework/Versions/A/Frameworks/AE.framework/Versions/A/AE
0x0000000012ebe000 	/System/Library/Frameworks/CoreServices.framework/Versions/A/Frameworks/LaunchServices.framework/Versions/A/LaunchServices
0x0000000012ebe000 	/System/Library/Frameworks/CoreServices.framework/Versions/A/Frameworks/DictionaryServices.framework/Versions/A/DictionaryServices
0x0000000012ebe000 	/System/Library/Frameworks/CoreServices.framework/Versions/A/Frameworks/SharedFileList.framework/Versions/A/SharedFileList
0x0000000012ebe000 	/System/Library/Frameworks/NetFS.framework/Versions/A/NetFS
0x0000000012ebe000 	/System/Library/PrivateFrameworks/NetAuth.framework/Versions/A/NetAuth
0x0000000012ebe000 	/System/Library/PrivateFrameworks/login.framework/Versions/A/Frameworks/loginsupport.framework/Versions/A/loginsupport
0x0000000012ebe000 	/System/Library/PrivateFrameworks/TCC.framework/Versions/A/TCC
0x0000000012ebe000 	/usr/lib/libmecabra.dylib
0x0000000012ebe000 	/System/Library/Frameworks/ApplicationServices.framework/Versions/A/Frameworks/ATS.framework/Versions/A/ATS
0x0000000012ebe000 	/System/Library/Frameworks/ApplicationServices.framework/Versions/A/Frameworks/ColorSync.framework/Versions/A/ColorSync
0x0000000012ebe000 	/System/Library/Frameworks/ApplicationServices.framework/Versions/A/Frameworks/HIServices.framework/Versions/A/HIServices
0x0000000012ebe000 	/System/Library/Frameworks/ApplicationServices.framework/Versions/A/Frameworks/LangAnalysis.framework/Versions/A/LangAnalysis
0x0000000012ebe000 	/System/Library/Frameworks/ApplicationServices.framework/Versions/A/Frameworks/PrintCore.framework/Versions/A/PrintCore
0x0000000012ebe000 	/System/Library/Frameworks/ApplicationServices.framework/Versions/A/Frameworks/QD.framework/Versions/A/QD
0x0000000012ebe000 	/System/Library/Frameworks/ApplicationServices.framework/Versions/A/Frameworks/SpeechSynthesis.framework/Versions/A/SpeechSynthesis
0x0000000012ebe000 	/System/Library/Frameworks/Accelerate.framework/Versions/A/Frameworks/vImage.framework/Versions/A/vImage
0x0000000012ebe000 	/System/Library/Frameworks/Accelerate.framework/Versions/A/Frameworks/vecLib.framework/Versions/A/vecLib
0x0000000012ebe000 	/System/Library/Frameworks/Accelerate.framework/Versions/A/Frameworks/vecLib.framework/Versions/A/libvDSP.dylib
0x0000000012ebe000 	/System/Library/Frameworks/Accelerate.framework/Versions/A/Frameworks/vecLib.framework/Versions/A/libBNNS.dylib
0x0000000012ebe000 	/System/Library/Frameworks/Accelerate.framework/Versions/A/Frameworks/vecLib.framework/Versions/A/libQuadrature.dylib
0x0000000012ebe000 	/System/Library/Frameworks/Accelerate.framework/Versions/A/Frameworks/vecLib.framework/Versions/A/libvMisc.dylib
0x0000000012ebe000 	/System/Library/Frameworks/Accelerate.framework/Versions/A/Frameworks/vecLib.framework/Versions/A/libLAPACK.dylib
0x0000000012ebe000 	/System/Library/Frameworks/Accelerate.framework/Versions/A/Frameworks/vecLib.framework/Versions/A/libBLAS.dylib
0x0000000012ebe000 	/System/Library/Frameworks/Accelerate.framework/Versions/A/Frameworks/vecLib.framework/Versions/A/libLinearAlgebra.dylib
0x0000000012ebe000 	/System/Library/Frameworks/Accelerate.framework/Versions/A/Frameworks/vecLib.framework/Versions/A/libSparseBLAS.dylib
0x0000000012ebe000 	/System/Library/Frameworks/ApplicationServices.framework/Versions/A/Frameworks/ATS.framework/Versions/A/Resources/libFontParser.dylib
0x0000000012ebe000 	/System/Library/Frameworks/ApplicationServices.framework/Versions/A/Frameworks/ATS.framework/Versions/A/Resources/libFontRegistry.dylib
0x0000000012ebe000 	/System/Library/Frameworks/ImageIO.framework/Versions/A/Resources/libJPEG.dylib
0x0000000012ebe000 	/System/Library/Frameworks/ImageIO.framework/Versions/A/Resources/libTIFF.dylib
0x0000000012ebe000 	/System/Library/Frameworks/ImageIO.framework/Versions/A/Resources/libPng.dylib
0x0000000012ebe000 	/System/Library/Frameworks/ImageIO.framework/Versions/A/Resources/libGIF.dylib
0x0000000012ebe000 	/System/Library/Frameworks/ImageIO.framework/Versions/A/Resources/libJP2.dylib
0x0000000012ebe000 	/System/Library/Frameworks/ImageIO.framework/Versions/A/Resources/libRadiance.dylib
0x0000000012ebe000 	/usr/lib/libcompression.dylib
0x0000000012ebe000 	/System/Library/PrivateFrameworks/AppleJPEG.framework/Versions/A/AppleJPEG
0x0000000012ebe000 	/usr/lib/libcups.2.dylib
0x0000000012ebe000 	/System/Library/Frameworks/Kerberos.framework/Versions/A/Kerberos
0x0000000012ebe000 	/System/Library/Frameworks/GSS.framework/Versions/A/GSS
0x0000000012ebe000 	/usr/lib/libresolv.9.dylib
0x0000000012ebe000 	/usr/lib/libiconv.2.dylib
0x0000000012ebe000 	/System/Library/PrivateFrameworks/Heimdal.framework/Versions/A/Heimdal
0x0000000012ebe000 	/usr/lib/libheimdal-asn1.dylib
0x0000000012ebe000 	/System/Library/Frameworks/OpenDirectory.framework/Versions/A/OpenDirectory
0x0000000012ebe000 	/System/Library/PrivateFrameworks/CommonAuth.framework/Versions/A/CommonAuth
0x0000000012ebe000 	/System/Library/Frameworks/OpenDirectory.framework/Versions/A/Frameworks/CFOpenDirectory.framework/Versions/A/CFOpenDirectory
0x0000000012ebe000 	/System/Library/Frameworks/SecurityFoundation.framework/Versions/A/SecurityFoundation
0x0000000012ebe000 	/System/Library/PrivateFrameworks/LanguageModeling.framework/Versions/A/LanguageModeling
0x0000000012ebe000 	/usr/lib/libmarisa.dylib
0x0000000012ebe000 	/usr/lib/libChineseTokenizer.dylib
0x0000000012ebe000 	/usr/lib/libcmph.dylib
0x0000000012ebe000 	/System/Library/PrivateFrameworks/CoreEmoji.framework/Versions/A/CoreEmoji
0x0000000012ebe000 	/System/Library/Frameworks/ServiceManagement.framework/Versions/A/ServiceManagement
0x0000000012ebe000 	/usr/lib/libxslt.1.dylib
0x0000000012ebe000 	/System/Library/Frameworks/Carbon.framework/Versions/A/Frameworks/Ink.framework/Versions/A/Ink
0x0000000012ebe000 	/System/Library/PrivateFrameworks/TextureIO.framework/Versions/A/TextureIO
0x0000000012ebe000 	/System/Library/Frameworks/Metal.framework/Versions/A/Metal
0x0000000012ebe000 	/usr/lib/libate.dylib
0x0000000012ebe000 	/System/Library/PrivateFrameworks/GPUCompiler.framework/libmetal_timestamp.dylib
0x0000000012ebe000 	/System/Library/Frameworks/OpenGL.framework/Versions/A/Libraries/libCoreFSCache.dylib
0x0000000012ebe000 	/System/Library/PrivateFrameworks/IOAccelerator.framework/Versions/A/IOAccelerator
0x0000000012ebe000 	/System/Library/Frameworks/CoreVideo.framework/Versions/A/CoreVideo
0x0000000012ebe000 	/usr/lib/libFosl_dynamic.dylib
0x0000000012ebe000 	/System/Library/PrivateFrameworks/MetalPerformanceShaders.framework/Versions/A/MetalPerformanceShaders
0x0000000012ebe000 	/System/Library/PrivateFrameworks/FaceCore.framework/Versions/A/FaceCore
0x0000000012ebe000 	/System/Library/Frameworks/OpenCL.framework/Versions/A/OpenCL
0x0000000012ebe000 	/System/Library/Frameworks/OpenGL.framework/Versions/A/Libraries/libGLU.dylib
0x0000000012ebe000 	/System/Library/Frameworks/OpenGL.framework/Versions/A/Libraries/libGFXShared.dylib
0x0000000012ebe000 	/System/Library/Frameworks/OpenGL.framework/Versions/A/Libraries/libGL.dylib
0x0000000012ebe000 	/System/Library/Frameworks/OpenGL.framework/Versions/A/Libraries/libGLImage.dylib
0x0000000012ebe000 	/System/Library/Frameworks/OpenGL.framework/Versions/A/Libraries/libCVMSPluginSupport.dylib
0x0000000012ebe000 	/System/Library/Frameworks/OpenGL.framework/Versions/A/Libraries/libCoreVMClient.dylib
0x0000000012ebe000 	/System/Library/PrivateFrameworks/CrashReporterSupport.framework/Versions/A/CrashReporterSupport
0x0000000012ebe000 	/System/Library/PrivateFrameworks/Sharing.framework/Versions/A/Sharing
0x0000000012ebe000 	/System/Library/PrivateFrameworks/IconServices.framework/Versions/A/IconServices
0x0000000012ebe000 	/System/Library/PrivateFrameworks/ProtocolBuffer.framework/Versions/A/ProtocolBuffer
0x0000000012ebe000 	/System/Library/PrivateFrameworks/Apple80211.framework/Versions/A/Apple80211
0x0000000012ebe000 	/System/Library/Frameworks/CoreWLAN.framework/Versions/A/CoreWLAN
0x0000000012ebe000 	/System/Library/PrivateFrameworks/CoreUtils.framework/Versions/A/CoreUtils
0x0000000012ebe000 	/System/Library/Frameworks/IOBluetooth.framework/Versions/A/IOBluetooth
0x0000000012ebe000 	/System/Library/PrivateFrameworks/CoreWiFi.framework/Versions/A/CoreWiFi
0x0000000012ebe000 	/System/Library/Frameworks/CoreBluetooth.framework/Versions/A/CoreBluetooth
0x0000000012ebe000 	/System/Library/Frameworks/CoreDisplay.framework/Versions/A/CoreDisplay
0x0000000012ebe000 	/System/Library/PrivateFrameworks/IOPresentment.framework/Versions/A/IOPresentment
0x0000000012ebe000 	/System/Library/PrivateFrameworks/DebugSymbols.framework/Versions/A/DebugSymbols
0x0000000012ebe000 	/System/Library/PrivateFrameworks/CoreSymbolication.framework/Versions/A/CoreSymbolication
0x0000000012ebe000 	/System/Library/PrivateFrameworks/Symbolication.framework/Versions/A/Symbolication
0x0000000012ebe000 	/System/Library/PrivateFrameworks/AppleFSCompression.framework/Versions/A/AppleFSCompression
0x0000000012ebe000 	/System/Library/PrivateFrameworks/SpeechRecognitionCore.framework/Versions/A/SpeechRecognitionCore
0x0000000012ebe000 	/System/Library/PrivateFrameworks/ChunkingLibrary.framework/Versions/A/ChunkingLibrary
0x000000010d000000 	/Library/Java/JavaVirtualMachines/jdk1.8.0_60.jdk/Contents/Home/jre/lib/server/libjvm.dylib
0x0000000012ebe000 	/usr/lib/libstdc++.6.dylib
0x000000010c6f2000 	/Library/Java/JavaVirtualMachines/jdk1.8.0_60.jdk/Contents/Home/jre/lib/libverify.dylib
0x000000010c700000 	/Library/Java/JavaVirtualMachines/jdk1.8.0_60.jdk/Contents/Home/jre/lib/libjava.dylib
0x000000010c73f000 	/Library/Java/JavaVirtualMachines/jdk1.8.0_60.jdk/Contents/Home/jre/lib/libzip.dylib
0x0000000121367000 	/System/Library/Frameworks/JavaVM.framework/Frameworks/JavaRuntimeSupport.framework/JavaRuntimeSupport
0x0000000121381000 	/System/Library/Frameworks/JavaVM.framework/Versions/A/Frameworks/JavaNativeFoundation.framework/Versions/A/JavaNativeFoundation
0x000000011138b000 	/System/Library/Frameworks/JavaVM.framework/Versions/A/JavaVM
0x0000000012ebe000 	/System/Library/Frameworks/Carbon.framework/Versions/A/Carbon
0x0000000121396000 	/System/Library/PrivateFrameworks/JavaLaunching.framework/Versions/A/JavaLaunching
0x0000000012ebe000 	/System/Library/Frameworks/Carbon.framework/Versions/A/Frameworks/CommonPanels.framework/Versions/A/CommonPanels
0x0000000012ebe000 	/System/Library/Frameworks/Carbon.framework/Versions/A/Frameworks/Help.framework/Versions/A/Help
0x0000000012ebe000 	/System/Library/Frameworks/Carbon.framework/Versions/A/Frameworks/ImageCapture.framework/Versions/A/ImageCapture
0x0000000012ebe000 	/System/Library/Frameworks/Carbon.framework/Versions/A/Frameworks/OpenScripting.framework/Versions/A/OpenScripting
0x0000000012ebe000 	/System/Library/Frameworks/Carbon.framework/Versions/A/Frameworks/Print.framework/Versions/A/Print
0x0000000012ebe000 	/System/Library/Frameworks/Carbon.framework/Versions/A/Frameworks/SecurityHI.framework/Versions/A/SecurityHI
0x0000000122ffd000 	/Library/Java/JavaVirtualMachines/jdk1.8.0_60.jdk/Contents/Home/jre/lib/libnet.dylib
0x000000012305c000 	/Library/Java/JavaVirtualMachines/jdk1.8.0_60.jdk/Contents/Home/jre/lib/libnio.dylib
0x000000012306c000 	/Users/fi8er1/.gradle/native/19/osx-amd64/libnative-platform.dylib
0x0000000123419000 	/Library/Java/JavaVirtualMachines/jdk1.8.0_60.jdk/Contents/Home/jre/lib/libmanagement.dylib
0x000000012396f000 	/Library/Java/JavaVirtualMachines/jdk1.8.0_60.jdk/Contents/Home/jre/lib/libsunec.dylib

VM Arguments:
jvm_args: -XX:MaxPermSize=256m -XX:+HeapDumpOnOutOfMemoryError -Xmx1024m -Dfile.encoding=UTF-8 -Duser.country=US -Duser.language=en -Duser.variant 
java_command: org.gradle.launcher.daemon.bootstrap.GradleDaemon 2.14.1
java_class_path (initial): /Users/fi8er1/.gradle/wrapper/dists/gradle-2.14.1-all/8bnwg5hd3w55iofp58khbp6yv/gradle-2.14.1/lib/gradle-launcher-2.14.1.jar
Launcher Type: SUN_STANDARD

Environment Variables:
PATH=/usr/bin:/bin:/usr/sbin:/sbin
SHELL=/bin/bash
DISPLAY=/private/tmp/com.apple.launchd.FVwLfBRnxi/org.macosforge.xquartz:0

Signal Handlers:
SIGSEGV: [libjvm.dylib+0x5a6d31], sa_mask[0]=11111111011111110111111111111111, sa_flags=SA_ONSTACK|SA_RESTART|SA_SIGINFO
SIGBUS: [libjvm.dylib+0x5a6d31], sa_mask[0]=11111111011111110111111111111111, sa_flags=SA_RESTART|SA_SIGINFO
SIGFPE: [libjvm.dylib+0x480a4c], sa_mask[0]=11111111011111110111111111111111, sa_flags=SA_RESTART|SA_SIGINFO
SIGPIPE: [libjvm.dylib+0x480a4c], sa_mask[0]=11111111011111110111111111111111, sa_flags=SA_RESTART|SA_SIGINFO
SIGXFSZ: [libjvm.dylib+0x480a4c], sa_mask[0]=11111111011111110111111111111111, sa_flags=SA_RESTART|SA_SIGINFO
SIGILL: [libjvm.dylib+0x480a4c], sa_mask[0]=11111111011111110111111111111111, sa_flags=SA_RESTART|SA_SIGINFO
SIGUSR1: SIG_DFL, sa_mask[0]=00000000000000000000000000000000, sa_flags=none
SIGUSR2: [libjvm.dylib+0x48056a], sa_mask[0]=00100000000000000000000000000000, sa_flags=SA_RESTART|SA_SIGINFO
SIGHUP: [libjvm.dylib+0x47eb41], sa_mask[0]=11111111011111110111111111111111, sa_flags=SA_RESTART|SA_SIGINFO
SIGINT: [libjvm.dylib+0x47eb41], sa_mask[0]=11111111011111110111111111111111, sa_flags=SA_RESTART|SA_SIGINFO
SIGTERM: [libjvm.dylib+0x47eb41], sa_mask[0]=11111111011111110111111111111111, sa_flags=SA_RESTART|SA_SIGINFO
SIGQUIT: [libjvm.dylib+0x47eb41], sa_mask[0]=11111111011111110111111111111111, sa_flags=SA_RESTART|SA_SIGINFO


---------------  S Y S T E M  ---------------

OS:Bsduname:Darwin 16.1.0 Darwin Kernel Version 16.1.0: Thu Oct 13 21:26:57 PDT 2016; root:xnu-3789.21.3~60/RELEASE_X86_64 x86_64
rlimit: STACK 8192k, CORE 0k, NPROC 709, NOFILE 10240, AS infinity
load average:1.53 1.60 1.77

CPU:total 4 (2 cores per cpu, 2 threads per core) family 6 model 69 stepping 1, cmov, cx8, fxsr, mmx, sse, sse2, sse3, ssse3, sse4.1, sse4.2, popcnt, avx, avx2, aes, clmul, erms, lzcnt, ht, tsc, tscinvbit, bmi1, bmi2

Memory: 4k page, physical 4194304k(20184k free)

/proc/meminfo:


vm_info: Java HotSpot(TM) 64-Bit Server VM (25.60-b23) for bsd-amd64 JRE (1.8.0_60-b27), built on Aug  4 2015 10:47:24 by "java_re" with gcc 4.2.1 (Based on Apple Inc. build 5658) (LLVM build 2336.11.00)

time: Tue Nov  1 13:49:58 2016
elapsed time: 2625 seconds (0d 0h 43m 45s)

