#
# A fatal error has been detected by the Java Runtime Environment:
#
#  SIGSEGV (0xb) at pc=0x00000001021aafb9, pid=615, tid=13327
#
# JRE version: Java(TM) SE Runtime Environment (8.0_60-b27) (build 1.8.0_60-b27)
# Java VM: Java HotSpot(TM) 64-Bit Server VM (25.60-b23 mixed mode bsd-amd64 compressed oops)
# Problematic frame:
# j  org.gradle.language.base.plugins.LanguageBasePlugin$1.execute(Lorg/gradle/model/internal/core/MutableModelNode;)V+56
#
# Failed to write core dump. Core dumps have been disabled. To enable core dumping, try "ulimit -c unlimited" before starting Java again
#
# If you would like to submit a bug report, please visit:
#   http://bugreport.java.com/bugreport/crash.jsp
#

---------------  T H R E A D  ---------------

Current thread (0x00007fd91ea54800):  JavaThread "Daemon worker Thread 23" [_thread_in_Java, id=13327, stack(0x0000700001353000,0x0000700001453000)]

siginfo: si_signo: 11 (SIGSEGV), si_code: 1 (SEGV_MAPERR), si_addr: 0x000000000a282060

Registers:
RAX=0x00000007c027c150, RBX=0x0000000000000002, RCX=0x00007000014503e0, RDX=0x000000000a281f40
RSP=0x0000700001450380, RBP=0x00007000014503c8, RSI=0x0000700001450320, RDI=0x0000000003d829a5
R8 =0x00000007b0534bf8, R9 =0x00000000f60a696d, R10=0x0000000101ae0010, R11=0x00000001024e3fc0
R12=0x0000000000000000, R13=0x0000000000000000, R14=0x00007000014503e0, R15=0x00007fd91ea54800
RIP=0x00000001021aafb9, EFLAGS=0x0000000000010246, ERR=0x0000000000000004
  TRAPNO=0x000000000000000e

Top of Stack: (sp=0x0000700001450380)
0x0000700001450380:   0000000102190c92 00000007b0534bd8
0x0000700001450390:   000000011853ea10 00007000014503e0
0x00007000014503a0:   000000011853eb60 0000000000000000
0x00007000014503b0:   000000011853ea38 0000000000000000
0x00007000014503c0:   00007000014503d8 0000700001450428
0x00007000014503d0:   0000000102190c4d 00000007ade86a50
0x00007000014503e0:   00000007ade78fa0 00007000014503e8
0x00007000014503f0:   000000011853eac5 0000700001450440
0x0000700001450400:   000000011853eb60 0000000000000000
0x0000700001450410:   000000011853eae8 00007000014503d8
0x0000700001450420:   0000700001450438 0000700001450488
0x0000700001450430:   0000000102190c92 00000007ade86a50
0x0000700001450440:   00000007ade78fa0 0000700001450448
0x0000700001450450:   000000011852f105 00007000014504a8
0x0000700001450460:   000000011852f1a8 0000000000000000
0x0000700001450470:   000000011852f138 0000700001450438
0x0000700001450480:   00007000014504b0 0000000000000000
0x0000700001450490:   0000000103d63c78 00000007b05349b8
0x00007000014504a0:   00000007ade86a50 00000007ade78fb8
0x00007000014504b0:   00000007ab0b4528 00000007ade86a50
0x00007000014504c0:   00000007ade78de0 00000007801b10e8
0x00007000014504d0:   f5bd0d4af5bcf1f7 00000007b05349b8
0x00007000014504e0:   00000007ab0b4528 00000007c00430d8
0x00007000014504f0:   00000007c00224b8 00000007c0022268
0x0000700001450500:   00000007ab09ef80 00000007c001bdf8
0x0000700001450510:   00000007ade86a50 00000007b04e7f18
0x0000700001450520:   00000007b0534700 000000010254011c
0x0000700001450530:   00000007ade86b18 0000000103ae45a4
0x0000700001450540:   00000007b0534700 0000000103a8cc48
0x0000700001450550:   00000007b04b9038 0000000103b85544
0x0000700001450560:   00000007b05346d8 00000007ade88a30
0x0000700001450570:   00000007b0533d20 0000000751bb6c40 

Instructions: (pc=0x00000001021aafb9)
0x00000001021aaf99:   49 83 5d 28 00 e9 0e 00 00 00 49 89 55 10 41 be
0x00000001021aafa9:   01 00 00 00 4d 89 75 18 49 83 c5 30 4c 89 6d e0
0x00000001021aafb9:   44 8b aa 20 01 00 00 4e 8d ac ea b8 01 00 00 48
0x00000001021aafc9:   8d 14 da 49 8b 5d 00 48 3b c3 74 16 48 85 db 0f 

Register to memory mapping:

RAX=0x00000007c027c150 is pointing into metadata
RBX=0x0000000000000002 is an unknown value
RCX=0x00007000014503e0 is pointing into the stack for thread: 0x00007fd91ea54800
RDX=0x000000000a281f40 is an unknown value
RSP=0x0000700001450380 is pointing into the stack for thread: 0x00007fd91ea54800
RBP=0x00007000014503c8 is pointing into the stack for thread: 0x00007fd91ea54800
RSI=0x0000700001450320 is pointing into the stack for thread: 0x00007fd91ea54800
RDI=0x0000000003d829a5 is an unknown value
R8 =0x00000007b0534bf8 is an oop
java.util.Collections$SingletonList 
 - klass: 'java/util/Collections$SingletonList'
R9 =0x00000000f60a696d is an unknown value
R10=0x0000000101ae0010: _ZN19TemplateInterpreter29_invokeinterface_return_entryE+0 in /Library/Java/JavaVirtualMachines/jdk1.8.0_60.jdk/Contents/Home/jre/lib/server/libjvm.dylib at 0x0000000101200000
R11=0x00000001024e3fc0 is at entry_point+32 in (nmethod*)0x00000001024e3e50
R12=0x0000000000000000 is an unknown value
R13=0x0000000000000000 is an unknown value
R14=0x00007000014503e0 is pointing into the stack for thread: 0x00007fd91ea54800
R15=0x00007fd91ea54800 is a thread


Stack: [0x0000700001353000,0x0000700001453000],  sp=0x0000700001450380,  free space=1012k
Native frames: (J=compiled Java code, j=interpreted, Vv=VM code, C=native code)
j  org.gradle.language.base.plugins.LanguageBasePlugin$1.execute(Lorg/gradle/model/internal/core/MutableModelNode;)V+56
j  org.gradle.language.base.plugins.LanguageBasePlugin$1.execute(Ljava/lang/Object;)V+5
j  org.gradle.model.internal.core.DirectNodeNoInputsModelAction$1.execute(Lorg/gradle/model/internal/core/MutableModelNode;Ljava/util/List;)V+5
J 17296 C2 org.gradle.model.internal.registry.DefaultModelRegistry.fireAction(Lorg/gradle/model/internal/registry/RuleBinder;)V (97 bytes) @ 0x0000000103d63c78 [0x0000000103d63840+0x438]
J 12373 C1 org.gradle.model.internal.registry.DefaultModelRegistry$RunModelAction.apply()V (44 bytes) @ 0x0000000103b85544 [0x0000000103b84aa0+0xaa4]
J 14369 C2 org.gradle.model.internal.registry.DefaultModelRegistry.transitionTo(Lorg/gradle/model/internal/registry/DefaultModelRegistry$GoalGraph;Lorg/gradle/model/internal/registry/DefaultModelRegistry$ModelGoal;)V (251 bytes) @ 0x000000010478b7b8 [0x000000010478b580+0x238]
J 11863 C1 org.gradle.model.internal.registry.DefaultModelRegistry.transition(Lorg/gradle/model/internal/registry/ModelNodeInternal;Lorg/gradle/model/internal/core/ModelNode$State;Z)V (158 bytes) @ 0x0000000102fca234 [0x0000000102fc89c0+0x1874]
J 12084 C1 org.gradle.model.internal.registry.DefaultModelRegistry.atStateOrMaybeLater(Lorg/gradle/model/internal/core/ModelPath;Lorg/gradle/model/internal/core/ModelNode$State;Z)Lorg/gradle/model/internal/registry/ModelNodeInternal; (58 bytes) @ 0x0000000104099e5c [0x0000000104099660+0x7fc]
j  org.gradle.model.internal.registry.DefaultModelRegistry.atStateOrLater(Lorg/gradle/model/internal/core/ModelPath;Lorg/gradle/model/internal/core/ModelNode$State;)Lorg/gradle/model/internal/core/ModelNode;+4
j  org.gradle.execution.TaskNameResolver.selfClose(Lorg/gradle/model/internal/registry/ModelRegistry;Lorg/gradle/model/internal/core/ModelPath;)Lorg/gradle/model/internal/core/ModelNode;+5
j  org.gradle.execution.TaskNameResolver.selfClosedTasksNode(Lorg/gradle/api/internal/project/ProjectInternal;)Lorg/gradle/model/internal/core/ModelNode;+17
j  org.gradle.execution.TaskNameResolver.hasTask(Ljava/lang/String;Lorg/gradle/api/internal/project/ProjectInternal;)Z+1
j  org.gradle.execution.TaskNameResolver.selectWithName(Ljava/lang/String;Lorg/gradle/api/internal/project/ProjectInternal;Z)Lorg/gradle/execution/TaskSelectionResult;+48
j  org.gradle.execution.TaskSelector.getSelection(Ljava/lang/String;Lorg/gradle/api/internal/project/ProjectInternal;)Lorg/gradle/execution/TaskSelector$TaskSelection;+72
j  org.gradle.execution.TaskSelector.getSelection(Ljava/lang/String;Ljava/lang/String;)Lorg/gradle/execution/TaskSelector$TaskSelection;+35
j  org.gradle.execution.commandline.CommandLineTaskParser.parseTasks(Lorg/gradle/TaskExecutionRequest;)Ljava/util/List;+51
j  org.gradle.execution.TaskNameResolvingBuildConfigurationAction.configure(Lorg/gradle/execution/BuildExecutionContext;)V+62
j  org.gradle.execution.DefaultBuildConfigurationActionExecuter.configure(Ljava/util/List;Lorg/gradle/api/internal/GradleInternal;I)V+32
j  org.gradle.execution.DefaultBuildConfigurationActionExecuter.access$000(Lorg/gradle/execution/DefaultBuildConfigurationActionExecuter;Ljava/util/List;Lorg/gradle/api/internal/GradleInternal;I)V+4
j  org.gradle.execution.DefaultBuildConfigurationActionExecuter$1.proceed()V+18
j  org.gradle.execution.DefaultTasksBuildExecutionAction.configure(Lorg/gradle/execution/BuildExecutionContext;)V+58
j  org.gradle.execution.DefaultBuildConfigurationActionExecuter.configure(Ljava/util/List;Lorg/gradle/api/internal/GradleInternal;I)V+32
j  org.gradle.execution.DefaultBuildConfigurationActionExecuter.access$000(Lorg/gradle/execution/DefaultBuildConfigurationActionExecuter;Ljava/util/List;Lorg/gradle/api/internal/GradleInternal;I)V+4
j  org.gradle.execution.DefaultBuildConfigurationActionExecuter$1.proceed()V+18
j  org.gradle.execution.ExcludedTaskFilteringBuildConfigurationAction.configure(Lorg/gradle/execution/BuildExecutionContext;)V+102
j  org.gradle.execution.DefaultBuildConfigurationActionExecuter.configure(Ljava/util/List;Lorg/gradle/api/internal/GradleInternal;I)V+32
j  org.gradle.execution.DefaultBuildConfigurationActionExecuter.select(Lorg/gradle/api/internal/GradleInternal;)V+29
j  org.gradle.initialization.DefaultGradleLauncher$3.run()V+14
J 14481 C2 org.gradle.internal.Factories$1.create()Ljava/lang/Object; (11 bytes) @ 0x0000000102ec6be8 [0x0000000102ec6ba0+0x48]
j  org.gradle.internal.progress.DefaultBuildOperationExecutor.run(Lorg/gradle/internal/progress/BuildOperationDetails;Lorg/gradle/internal/Factory;)Ljava/lang/Object;+171
j  org.gradle.internal.progress.DefaultBuildOperationExecutor.run(Ljava/lang/String;Ljava/lang/Runnable;)V+12
j  org.gradle.initialization.DefaultGradleLauncher.doBuildStages(Lorg/gradle/initialization/DefaultGradleLauncher$Stage;)V+66
j  org.gradle.initialization.DefaultGradleLauncher.access$200(Lorg/gradle/initialization/DefaultGradleLauncher;Lorg/gradle/initialization/DefaultGradleLauncher$Stage;)V+2
j  org.gradle.initialization.DefaultGradleLauncher$1.create()Lorg/gradle/BuildResult;+29
j  org.gradle.initialization.DefaultGradleLauncher$1.create()Ljava/lang/Object;+1
j  org.gradle.internal.progress.DefaultBuildOperationExecutor.run(Lorg/gradle/internal/progress/BuildOperationDetails;Lorg/gradle/internal/Factory;)Ljava/lang/Object;+171
j  org.gradle.internal.progress.DefaultBuildOperationExecutor.run(Ljava/lang/String;Lorg/gradle/internal/Factory;)Ljava/lang/Object;+9
j  org.gradle.initialization.DefaultGradleLauncher.doBuild(Lorg/gradle/initialization/DefaultGradleLauncher$Stage;)Lorg/gradle/BuildResult;+25
j  org.gradle.initialization.DefaultGradleLauncher.run()Lorg/gradle/BuildResult;+4
j  org.gradle.launcher.exec.InProcessBuildActionExecuter$DefaultBuildController.run()Lorg/gradle/api/internal/GradleInternal;+4
j  org.gradle.tooling.internal.provider.runner.BuildModelActionRunner.run(Lorg/gradle/internal/invocation/BuildAction;Lorg/gradle/internal/invocation/BuildController;)V+29
j  org.gradle.launcher.exec.ChainingBuildActionRunner.run(Lorg/gradle/internal/invocation/BuildAction;Lorg/gradle/internal/invocation/BuildController;)V+34
j  org.gradle.tooling.internal.provider.runner.SubscribableBuildActionRunner.run(Lorg/gradle/internal/invocation/BuildAction;Lorg/gradle/internal/invocation/BuildController;)V+37
j  org.gradle.launcher.exec.ChainingBuildActionRunner.run(Lorg/gradle/internal/invocation/BuildAction;Lorg/gradle/internal/invocation/BuildController;)V+34
j  org.gradle.launcher.exec.InProcessBuildActionExecuter.execute(Lorg/gradle/internal/invocation/BuildAction;Lorg/gradle/initialization/BuildRequestContext;Lorg/gradle/launcher/exec/BuildActionParameters;Lorg/gradle/internal/service/ServiceRegistry;)Ljava/lang/Object;+63
j  org.gradle.launcher.exec.InProcessBuildActionExecuter.execute(Lorg/gradle/internal/invocation/BuildAction;Lorg/gradle/initialization/BuildRequestContext;Ljava/lang/Object;Lorg/gradle/internal/service/ServiceRegistry;)Ljava/lang/Object;+9
j  org.gradle.launcher.exec.ContinuousBuildActionExecuter.execute(Lorg/gradle/internal/invocation/BuildAction;Lorg/gradle/initialization/BuildRequestContext;Lorg/gradle/launcher/exec/BuildActionParameters;Lorg/gradle/internal/service/ServiceRegistry;)Ljava/lang/Object;+70
j  org.gradle.launcher.exec.ContinuousBuildActionExecuter.execute(Lorg/gradle/internal/invocation/BuildAction;Lorg/gradle/initialization/BuildRequestContext;Ljava/lang/Object;Lorg/gradle/internal/service/ServiceRegistry;)Ljava/lang/Object;+9
j  org.gradle.launcher.daemon.server.exec.ExecuteBuild.doBuild(Lorg/gradle/launcher/daemon/server/api/DaemonCommandExecution;Lorg/gradle/launcher/daemon/protocol/Build;)V+74
j  org.gradle.launcher.daemon.server.exec.BuildCommandOnly.execute(Lorg/gradle/launcher/daemon/server/api/DaemonCommandExecution;)V+49
J 15895 C1 org.gradle.launcher.daemon.server.api.DaemonCommandExecution.proceed()Z (35 bytes) @ 0x00000001038176bc [0x0000000103817300+0x3bc]
j  org.gradle.launcher.daemon.server.exec.WatchForDisconnection.execute(Lorg/gradle/launcher/daemon/server/api/DaemonCommandExecution;)V+19
J 15895 C1 org.gradle.launcher.daemon.server.api.DaemonCommandExecution.proceed()Z (35 bytes) @ 0x00000001038176bc [0x0000000103817300+0x3bc]
j  org.gradle.launcher.daemon.server.exec.ResetDeprecationLogger.execute(Lorg/gradle/launcher/daemon/server/api/DaemonCommandExecution;)V+4
J 15895 C1 org.gradle.launcher.daemon.server.api.DaemonCommandExecution.proceed()Z (35 bytes) @ 0x00000001038176bc [0x0000000103817300+0x3bc]
j  org.gradle.launcher.daemon.server.exec.RequestStopIfSingleUsedDaemon.execute(Lorg/gradle/launcher/daemon/server/api/DaemonCommandExecution;)V+31
J 15895 C1 org.gradle.launcher.daemon.server.api.DaemonCommandExecution.proceed()Z (35 bytes) @ 0x00000001038176bc [0x0000000103817300+0x3bc]
j  org.gradle.launcher.daemon.server.exec.ForwardClientInput$2.call()Ljava/lang/Void;+4
j  org.gradle.launcher.daemon.server.exec.ForwardClientInput$2.call()Ljava/lang/Object;+1
j  org.gradle.util.Swapper.swap(Ljava/lang/Object;Ljava/util/concurrent/Callable;)Ljava/lang/Object;+21
j  org.gradle.launcher.daemon.server.exec.ForwardClientInput.execute(Lorg/gradle/launcher/daemon/server/api/DaemonCommandExecution;)V+63
J 15895 C1 org.gradle.launcher.daemon.server.api.DaemonCommandExecution.proceed()Z (35 bytes) @ 0x00000001038176bc [0x0000000103817300+0x3bc]
j  org.gradle.launcher.daemon.server.health.DaemonHealthTracker.execute(Lorg/gradle/launcher/daemon/server/api/DaemonCommandExecution;)V+35
J 15895 C1 org.gradle.launcher.daemon.server.api.DaemonCommandExecution.proceed()Z (35 bytes) @ 0x00000001038176bc [0x0000000103817300+0x3bc]
j  org.gradle.launcher.daemon.server.exec.LogToClient.doBuild(Lorg/gradle/launcher/daemon/server/api/DaemonCommandExecution;Lorg/gradle/launcher/daemon/protocol/Build;)V+97
j  org.gradle.launcher.daemon.server.exec.BuildCommandOnly.execute(Lorg/gradle/launcher/daemon/server/api/DaemonCommandExecution;)V+49
J 15895 C1 org.gradle.launcher.daemon.server.api.DaemonCommandExecution.proceed()Z (35 bytes) @ 0x00000001038176bc [0x0000000103817300+0x3bc]
j  org.gradle.launcher.daemon.server.exec.EstablishBuildEnvironment.doBuild(Lorg/gradle/launcher/daemon/server/api/DaemonCommandExecution;Lorg/gradle/launcher/daemon/protocol/Build;)V+279
j  org.gradle.launcher.daemon.server.exec.BuildCommandOnly.execute(Lorg/gradle/launcher/daemon/server/api/DaemonCommandExecution;)V+49
J 15895 C1 org.gradle.launcher.daemon.server.api.DaemonCommandExecution.proceed()Z (35 bytes) @ 0x00000001038176bc [0x0000000103817300+0x3bc]
j  org.gradle.launcher.daemon.server.health.HintGCAfterBuild.execute(Lorg/gradle/launcher/daemon/server/api/DaemonCommandExecution;)V+1
J 15895 C1 org.gradle.launcher.daemon.server.api.DaemonCommandExecution.proceed()Z (35 bytes) @ 0x00000001038176bc [0x0000000103817300+0x3bc]
j  org.gradle.launcher.daemon.server.exec.StartBuildOrRespondWithBusy$1.run()V+44
j  org.gradle.launcher.daemon.server.DaemonStateCoordinator$1.run()V+4
J 16986 C1 org.gradle.internal.concurrent.ExecutorPolicy$CatchAndRecordFailures.onExecute(Ljava/lang/Runnable;)V (45 bytes) @ 0x0000000104f0501c [0x0000000104f04f00+0x11c]
J 15507 C1 org.gradle.internal.concurrent.StoppableExecutorImpl$1.run()V (59 bytes) @ 0x0000000104aaad6c [0x0000000104aaac20+0x14c]
J 16618 C1 java.util.concurrent.ThreadPoolExecutor.runWorker(Ljava/util/concurrent/ThreadPoolExecutor$Worker;)V (225 bytes) @ 0x0000000104dea6fc [0x0000000104de9740+0xfbc]
J 16617 C1 java.util.concurrent.ThreadPoolExecutor$Worker.run()V (9 bytes) @ 0x0000000104de8d04 [0x0000000104de8c00+0x104]
J 14347 C1 java.lang.Thread.run()V (17 bytes) @ 0x00000001047853c4 [0x0000000104785280+0x144]
v  ~StubRoutines::call_stub
V  [libjvm.dylib+0x2eab0e]  JavaCalls::call_helper(JavaValue*, methodHandle*, JavaCallArguments*, Thread*)+0x6ae
V  [libjvm.dylib+0x2eb29c]  JavaCalls::call_virtual(JavaValue*, KlassHandle, Symbol*, Symbol*, JavaCallArguments*, Thread*)+0x164
V  [libjvm.dylib+0x2eb448]  JavaCalls::call_virtual(JavaValue*, Handle, KlassHandle, Symbol*, Symbol*, Thread*)+0x4a
V  [libjvm.dylib+0x345965]  thread_entry(JavaThread*, Thread*)+0x7c
V  [libjvm.dylib+0x5612d3]  JavaThread::thread_main_inner()+0x9b
V  [libjvm.dylib+0x5629ce]  JavaThread::run()+0x1c2
V  [libjvm.dylib+0x48343a]  java_start(Thread*)+0xf6
C  [libsystem_pthread.dylib+0x399d]  _pthread_body+0x83
C  [libsystem_pthread.dylib+0x391a]  _pthread_body+0x0
C  [libsystem_pthread.dylib+0x1351]  thread_start+0xd
C  0x0000000000000000


---------------  P R O C E S S  ---------------

Java Threads: ( => current thread )
  0x00007fd91f112800 JavaThread "Stdin handler" [_thread_blocked, id=29463, stack(0x0000700001456000,0x0000700001556000)]
=>0x00007fd91ea54800 JavaThread "Daemon worker Thread 23" [_thread_in_Java, id=13327, stack(0x0000700001353000,0x0000700001453000)]
  0x00007fd91f52f000 JavaThread "Cancel handler" [_thread_blocked, id=28967, stack(0x0000700001250000,0x0000700001350000)]
  0x00007fd91a78b800 JavaThread "Handler for socket connection from /127.0.0.1:51319 to /127.0.0.1:63768" [_thread_in_native, id=20835, stack(0x000070000114d000,0x000070000124d000)]
  0x00007fd91b1a0000 JavaThread "Daemon Thread 23" [_thread_blocked, id=20615, stack(0x0000700000932000,0x0000700000a32000)]
  0x00007fd91b4e7000 JavaThread "pool-2-thread-4" [_thread_blocked, id=25879, stack(0x0000700001b96000,0x0000700001c96000)]
  0x00007fd91e630000 JavaThread "pool-2-thread-3" [_thread_blocked, id=24855, stack(0x000070000188d000,0x000070000198d000)]
  0x00007fd91b167800 JavaThread "pool-2-thread-2" [_thread_blocked, id=24335, stack(0x0000700001a93000,0x0000700001b93000)]
  0x00007fd91cf84000 JavaThread "pool-2-thread-1" [_thread_blocked, id=24583, stack(0x0000700001990000,0x0000700001a90000)]
  0x00007fd91bf7a000 JavaThread "File lock request listener" [_thread_in_native, id=23299, stack(0x0000700001687000,0x0000700001787000)]
  0x00007fd91a1fe800 JavaThread "Incoming local TCP Connector on port 51319" [_thread_in_native, id=19715, stack(0x000070000104a000,0x000070000114a000)]
  0x00007fd91b807000 JavaThread "Service Thread" daemon [_thread_blocked, id=18691, stack(0x0000700000e44000,0x0000700000f44000)]
  0x00007fd91b02f000 JavaThread "C1 CompilerThread2" daemon [_thread_blocked, id=18179, stack(0x0000700000d41000,0x0000700000e41000)]
  0x00007fd91b02e800 JavaThread "C2 CompilerThread1" daemon [_thread_in_native, id=17667, stack(0x0000700000c3e000,0x0000700000d3e000)]
  0x00007fd91a034800 JavaThread "C2 CompilerThread0" daemon [_thread_blocked, id=17155, stack(0x0000700000b3b000,0x0000700000c3b000)]
  0x00007fd91a816000 JavaThread "Signal Dispatcher" daemon [_thread_blocked, id=13839, stack(0x0000700000a38000,0x0000700000b38000)]
  0x00007fd91b827800 JavaThread "Finalizer" daemon [_thread_blocked, id=12291, stack(0x000070000082f000,0x000070000092f000)]
  0x00007fd91a02d800 JavaThread "Reference Handler" daemon [_thread_blocked, id=11779, stack(0x000070000072c000,0x000070000082c000)]
  0x00007fd91b007800 JavaThread "main" [_thread_blocked, id=5891, stack(0x000070000011a000,0x000070000021a000)]

Other Threads:
  0x00007fd91b827000 VMThread [stack: 0x0000700000629000,0x0000700000729000] [id=11267]
  0x00007fd91a04d000 WatcherThread [stack: 0x0000700000f47000,0x0000700001047000] [id=19203]

VM state:not at safepoint (normal execution)

VM Mutex/Monitor currently owned by a thread: None

Heap:
 PSYoungGen      total 145920K, used 92858K [0x00000007aab00000, 0x00000007b5800000, 0x00000007c0000000)
  eden space 130048K, 71% used [0x00000007aab00000,0x00000007b05ae920,0x00000007b2a00000)
  from space 15872K, 0% used [0x00000007b2a00000,0x00000007b2a00000,0x00000007b3980000)
  to   space 16896K, 0% used [0x00000007b4780000,0x00000007b4780000,0x00000007b5800000)
 ParOldGen       total 68608K, used 32233K [0x0000000780000000, 0x0000000784300000, 0x00000007aab00000)
  object space 68608K, 46% used [0x0000000780000000,0x0000000781f7a538,0x0000000784300000)
 Metaspace       used 58792K, capacity 61926K, committed 65624K, reserved 1105920K
  class space    used 7545K, capacity 7887K, committed 8576K, reserved 1048576K

Card table byte_map: [0x0000000111549000,0x000000011174a000] byte_map_base: 0x000000010d949000

Marking Bits: (ParMarkBitMap*) 0x0000000101adee20
 Begin Bits: [0x00000001118a0000, 0x00000001128a0000)
 End Bits:   [0x00000001128a0000, 0x00000001138a0000)

Polling page: 0x00000001008e4000

CodeCache: size=245760Kb used=49091Kb max_used=49378Kb free=196668Kb
 bounds [0x0000000102189000, 0x0000000105229000, 0x0000000111189000]
 total_blobs=13982 nmethods=13260 adapters=634
 compilation: enabled

Compilation events (10 events):
Event: 11809.580 Thread 0x00007fd91b02f000 18002       1       org.gradle.internal.jvm.Jvm::getJavaHome (5 bytes)
Event: 11809.580 Thread 0x00007fd91b02f000 nmethod 18002 0x0000000102c817d0 code [0x0000000102c81920, 0x0000000102c81a30]
Event: 11809.597 Thread 0x00007fd91a034800 nmethod 17996 0x00000001046a2e50 code [0x00000001046a3020, 0x00000001046a3a48]
Event: 11809.597 Thread 0x00007fd91a034800 18000       4       org.gradle.api.internal.AbstractTask::dependsOn (20 bytes)
Event: 11809.602 Thread 0x00007fd91a034800 nmethod 18000 0x00000001024d3a90 code [0x00000001024d3c00, 0x00000001024d3d88]
Event: 11809.602 Thread 0x00007fd91a034800 17999       4       org.gradle.api.internal.ExtensibleDynamicObject::<init> (40 bytes)
Event: 11809.612 Thread 0x00007fd91a034800 nmethod 17999 0x000000010270f390 code [0x000000010270f540, 0x000000010270fa28]
Event: 11809.612 Thread 0x00007fd91a034800 17997       4       org.gradle.internal.component.local.model.DefaultLocalComponentMetaData$DefaultLocalConfigurationMetaData::<init> (50 bytes)
Event: 11809.614 Thread 0x00007fd91a034800 nmethod 17997 0x0000000103361790 code [0x00000001033618e0, 0x0000000103361998]
Event: 11809.619 Thread 0x00007fd91a034800 18003       4       org.gradle.model.internal.registry.DefaultModelRegistry$TryBindInputs::maybeBind (78 bytes)

GC Heap History (10 events):
Event: 11545.321 GC heap before
{Heap before GC invocations=66 (full 20):
 PSYoungGen      total 148480K, used 3226K [0x00000007aab00000, 0x00000007b4880000, 0x00000007c0000000)
  eden space 136704K, 0% used [0x00000007aab00000,0x00000007aab00000,0x00000007b3080000)
  from space 11776K, 27% used [0x00000007b3d00000,0x00000007b4026960,0x00000007b4880000)
  to   space 12288K, 0% used [0x00000007b3080000,0x00000007b3080000,0x00000007b3c80000)
 ParOldGen       total 68608K, used 31449K [0x0000000780000000, 0x0000000784300000, 0x00000007aab00000)
  object space 68608K, 45% used [0x0000000780000000,0x0000000781eb66d8,0x0000000784300000)
 Metaspace       used 60023K, capacity 64836K, committed 64984K, reserved 1105920K
  class space    used 7833K, capacity 8390K, committed 8448K, reserved 1048576K
Event: 11546.232 GC heap after
Heap after GC invocations=66 (full 20):
 PSYoungGen      total 148480K, used 0K [0x00000007aab00000, 0x00000007b4880000, 0x00000007c0000000)
  eden space 136704K, 0% used [0x00000007aab00000,0x00000007aab00000,0x00000007b3080000)
  from space 11776K, 0% used [0x00000007b3d00000,0x00000007b3d00000,0x00000007b4880000)
  to   space 12288K, 0% used [0x00000007b3080000,0x00000007b3080000,0x00000007b3c80000)
 ParOldGen       total 68608K, used 23505K [0x0000000780000000, 0x0000000784300000, 0x00000007aab00000)
  object space 68608K, 34% used [0x0000000780000000,0x00000007816f4660,0x0000000784300000)
 Metaspace       used 58032K, capacity 60658K, committed 64984K, reserved 1105920K
  class space    used 7403K, capacity 7591K, committed 8448K, reserved 1048576K
}
Event: 11730.844 GC heap before
{Heap before GC invocations=67 (full 20):
 PSYoungGen      total 148480K, used 136704K [0x00000007aab00000, 0x00000007b4880000, 0x00000007c0000000)
  eden space 136704K, 100% used [0x00000007aab00000,0x00000007b3080000,0x00000007b3080000)
  from space 11776K, 0% used [0x00000007b3d00000,0x00000007b3d00000,0x00000007b4880000)
  to   space 12288K, 0% used [0x00000007b3080000,0x00000007b3080000,0x00000007b3c80000)
 ParOldGen       total 68608K, used 23505K [0x0000000780000000, 0x0000000784300000, 0x00000007aab00000)
  object space 68608K, 34% used [0x0000000780000000,0x00000007816f4660,0x0000000784300000)
 Metaspace       used 58394K, capacity 61188K, committed 65240K, reserved 1105920K
  class space    used 7446K, capacity 7658K, committed 8448K, reserved 1048576K
Event: 11730.900 GC heap after
Heap after GC invocations=67 (full 20):
 PSYoungGen      total 140800K, used 8705K [0x00000007aab00000, 0x00000007b4480000, 0x00000007c0000000)
  eden space 131584K, 0% used [0x00000007aab00000,0x00000007aab00000,0x00000007b2b80000)
  from space 9216K, 94% used [0x00000007b3080000,0x00000007b3900628,0x00000007b3980000)
  to   space 11264K, 0% used [0x00000007b3980000,0x00000007b3980000,0x00000007b4480000)
 ParOldGen       total 68608K, used 23513K [0x0000000780000000, 0x0000000784300000, 0x00000007aab00000)
  object space 68608K, 34% used [0x0000000780000000,0x00000007816f6660,0x0000000784300000)
 Metaspace       used 58394K, capacity 61188K, committed 65240K, reserved 1105920K
  class space    used 7446K, capacity 7658K, committed 8448K, reserved 1048576K
}
Event: 11731.920 GC heap before
{Heap before GC invocations=68 (full 20):
 PSYoungGen      total 140800K, used 140289K [0x00000007aab00000, 0x00000007b4480000, 0x00000007c0000000)
  eden space 131584K, 100% used [0x00000007aab00000,0x00000007b2b80000,0x00000007b2b80000)
  from space 9216K, 94% used [0x00000007b3080000,0x00000007b3900628,0x00000007b3980000)
  to   space 11264K, 0% used [0x00000007b3980000,0x00000007b3980000,0x00000007b4480000)
 ParOldGen       total 68608K, used 23513K [0x0000000780000000, 0x0000000784300000, 0x00000007aab00000)
  object space 68608K, 34% used [0x0000000780000000,0x00000007816f6660,0x0000000784300000)
 Metaspace       used 58672K, capacity 61706K, committed 65240K, reserved 1105920K
  class space    used 7524K, capacity 7856K, committed 8448K, reserved 1048576K
Event: 11731.967 GC heap after
Heap after GC invocations=68 (full 20):
 PSYoungGen      total 141312K, used 11258K [0x00000007aab00000, 0x00000007b5600000, 0x00000007c0000000)
  eden space 130048K, 0% used [0x00000007aab00000,0x00000007aab00000,0x00000007b2a00000)
  from space 11264K, 99% used [0x00000007b3980000,0x00000007b447eb28,0x00000007b4480000)
  to   space 15872K, 0% used [0x00000007b2a00000,0x00000007b2a00000,0x00000007b3980000)
 ParOldGen       total 68608K, used 26850K [0x0000000780000000, 0x0000000784300000, 0x00000007aab00000)
  object space 68608K, 39% used [0x0000000780000000,0x0000000781a389a0,0x0000000784300000)
 Metaspace       used 58672K, capacity 61706K, committed 65240K, reserved 1105920K
  class space    used 7524K, capacity 7856K, committed 8448K, reserved 1048576K
}
Event: 11732.145 GC heap before
{Heap before GC invocations=69 (full 20):
 PSYoungGen      total 141312K, used 18677K [0x00000007aab00000, 0x00000007b5600000, 0x00000007c0000000)
  eden space 130048K, 5% used [0x00000007aab00000,0x00000007ab23ec58,0x00000007b2a00000)
  from space 11264K, 99% used [0x00000007b3980000,0x00000007b447eb28,0x00000007b4480000)
  to   space 15872K, 0% used [0x00000007b2a00000,0x00000007b2a00000,0x00000007b3980000)
 ParOldGen       total 68608K, used 26850K [0x0000000780000000, 0x0000000784300000, 0x00000007aab00000)
  object space 68608K, 39% used [0x0000000780000000,0x0000000781a389a0,0x0000000784300000)
 Metaspace       used 58685K, capacity 61724K, committed 65240K, reserved 1105920K
  class space    used 7527K, capacity 7860K, committed 8448K, reserved 1048576K
Event: 11732.163 GC heap after
Heap after GC invocations=69 (full 20):
 PSYoungGen      total 145920K, used 11354K [0x00000007aab00000, 0x00000007b5800000, 0x00000007c0000000)
  eden space 130048K, 0% used [0x00000007aab00000,0x00000007aab00000,0x00000007b2a00000)
  from space 15872K, 71% used [0x00000007b2a00000,0x00000007b3516b38,0x00000007b3980000)
  to   space 16896K, 0% used [0x00000007b4780000,0x00000007b4780000,0x00000007b5800000)
 ParOldGen       total 68608K, used 26850K [0x0000000780000000, 0x0000000784300000, 0x00000007aab00000)
  object space 68608K, 39% used [0x0000000780000000,0x0000000781a389a0,0x0000000784300000)
 Metaspace       used 58685K, capacity 61724K, committed 65240K, reserved 1105920K
  class space    used 7527K, capacity 7860K, committed 8448K, reserved 1048576K
}
Event: 11732.163 GC heap before
{Heap before GC invocations=70 (full 21):
 PSYoungGen      total 145920K, used 11354K [0x00000007aab00000, 0x00000007b5800000, 0x00000007c0000000)
  eden space 130048K, 0% used [0x00000007aab00000,0x00000007aab00000,0x00000007b2a00000)
  from space 15872K, 71% used [0x00000007b2a00000,0x00000007b3516b38,0x00000007b3980000)
  to   space 16896K, 0% used [0x00000007b4780000,0x00000007b4780000,0x00000007b5800000)
 ParOldGen       total 68608K, used 26850K [0x0000000780000000, 0x0000000784300000, 0x00000007aab00000)
  object space 68608K, 39% used [0x0000000780000000,0x0000000781a389a0,0x0000000784300000)
 Metaspace       used 58685K, capacity 61724K, committed 65240K, reserved 1105920K
  class space    used 7527K, capacity 7860K, committed 8448K, reserved 1048576K
Event: 11732.740 GC heap after
Heap after GC invocations=70 (full 21):
 PSYoungGen      total 145920K, used 0K [0x00000007aab00000, 0x00000007b5800000, 0x00000007c0000000)
  eden space 130048K, 0% used [0x00000007aab00000,0x00000007aab00000,0x00000007b2a00000)
  from space 15872K, 0% used [0x00000007b2a00000,0x00000007b2a00000,0x00000007b3980000)
  to   space 16896K, 0% used [0x00000007b4780000,0x00000007b4780000,0x00000007b5800000)
 ParOldGen       total 68608K, used 32233K [0x0000000780000000, 0x0000000784300000, 0x00000007aab00000)
  object space 68608K, 46% used [0x0000000780000000,0x0000000781f7a538,0x0000000784300000)
 Metaspace       used 58685K, capacity 61724K, committed 65240K, reserved 1105920K
  class space    used 7527K, capacity 7860K, committed 8448K, reserved 1048576K
}

Deoptimization events (10 events):
Event: 11730.594 Thread 0x00007fd91ab3d000 Uncommon trap: reason=array_check action=maybe_recompile pc=0x0000000104930aac method=java.util.ComparableTimSort.mergeLo(IIII)V @ 207
Event: 11731.050 Thread 0x00007fd91ab3d000 Uncommon trap: reason=array_check action=maybe_recompile pc=0x000000010432dd54 method=java.util.ComparableTimSort.mergeHi(IIII)V @ 245
Event: 11731.064 Thread 0x00007fd91ab3d000 Uncommon trap: reason=predicate action=maybe_recompile pc=0x0000000105166be8 method=java.util.ComparableTimSort.mergeLo(IIII)V @ 147
Event: 11731.297 Thread 0x00007fd91ab3d000 Uncommon trap: reason=array_check action=maybe_recompile pc=0x0000000104930aec method=java.util.ComparableTimSort.mergeLo(IIII)V @ 240
Event: 11731.434 Thread 0x00007fd91ab3d000 Uncommon trap: reason=bimorphic action=maybe_recompile pc=0x0000000103062fcc method=org.codehaus.groovy.runtime.metaclass.MetaMethodIndex.addMethodToList(Ljava/lang/Object;Lgroovy/lang/MetaMethod;)Ljava/lang/Object; @ 91
Event: 11731.737 Thread 0x00007fd91ab3d000 Uncommon trap: reason=bimorphic action=maybe_recompile pc=0x0000000103062fcc method=org.codehaus.groovy.runtime.metaclass.MetaMethodIndex.addMethodToList(Ljava/lang/Object;Lgroovy/lang/MetaMethod;)Ljava/lang/Object; @ 91
Event: 11808.452 Thread 0x00007fd91ea54800 Uncommon trap: reason=class_check action=maybe_recompile pc=0x000000010520b14c method=sun.reflect.DelegatingConstructorAccessorImpl.newInstance([Ljava/lang/Object;)Ljava/lang/Object; @ 5
Event: 11808.453 Thread 0x00007fd91ea54800 Uncommon trap: reason=class_check action=maybe_recompile pc=0x000000010520b14c method=sun.reflect.DelegatingConstructorAccessorImpl.newInstance([Ljava/lang/Object;)Ljava/lang/Object; @ 5
Event: 11808.472 Thread 0x00007fd91ea54800 Uncommon trap: reason=class_check action=maybe_recompile pc=0x000000010520b14c method=sun.reflect.DelegatingConstructorAccessorImpl.newInstance([Ljava/lang/Object;)Ljava/lang/Object; @ 5
Event: 11808.477 Thread 0x00007fd91ea54800 Uncommon trap: reason=class_check action=maybe_recompile pc=0x000000010520b14c method=sun.reflect.DelegatingConstructorAccessorImpl.newInstance([Ljava/lang/Object;)Ljava/lang/Object; @ 5

Internal exceptions (10 events):
Event: 11729.046 Thread 0x00007fd91e7e6800 Exception <a 'java/lang/NoSuchMethodError': <clinit>> (0x00000007aae8d4b8) thrown at [/Users/java_re/workspace/8-2-build-macosx-x86_64/jdk8u60/4407/hotspot/src/share/vm/prims/jni.cpp, line 1591]
Event: 11729.047 Thread 0x00007fd91e7e6800 Exception <a 'java/lang/NoSuchMethodError': <clinit>> (0x00000007aae96188) thrown at [/Users/java_re/workspace/8-2-build-macosx-x86_64/jdk8u60/4407/hotspot/src/share/vm/prims/jni.cpp, line 1591]
Event: 11729.050 Thread 0x00007fd91e7e6800 Exception <a 'java/lang/NoSuchMethodError': <clinit>> (0x00000007aaeb1a28) thrown at [/Users/java_re/workspace/8-2-build-macosx-x86_64/jdk8u60/4407/hotspot/src/share/vm/prims/jni.cpp, line 1591]
Event: 11729.072 Thread 0x00007fd91ab3d000 Exception <a 'java/lang/NoSuchMethodError': <clinit>> (0x00000007aaf5af38) thrown at [/Users/java_re/workspace/8-2-build-macosx-x86_64/jdk8u60/4407/hotspot/src/share/vm/prims/jni.cpp, line 1591]
Event: 11729.076 Thread 0x00007fd91ab3d000 Exception <a 'java/lang/NoSuchMethodError': <clinit>> (0x00000007aaf63098) thrown at [/Users/java_re/workspace/8-2-build-macosx-x86_64/jdk8u60/4407/hotspot/src/share/vm/prims/jni.cpp, line 1591]
Event: 11729.171 Thread 0x00007fd91ab3d000 Exception <a 'java/lang/ClassNotFoundException': asLocalRepo28_9intsv3sqxpe4ckmpw25jawebBeanInfo> (0x00000007ab175d30) thrown at [/Users/java_re/workspace/8-2-build-macosx-x86_64/jdk8u60/4407/hotspot/src/share/vm/classfile/systemDictionary.cpp, line 210]
Event: 11729.172 Thread 0x00007fd91ab3d000 Exception <a 'java/lang/ClassNotFoundException': asLocalRepo28_9intsv3sqxpe4ckmpw25jawebCustomizer> (0x00000007ab17f6a0) thrown at [/Users/java_re/workspace/8-2-build-macosx-x86_64/jdk8u60/4407/hotspot/src/share/vm/classfile/systemDictionary.cpp, line 210
Event: 11731.782 Thread 0x00007fd91ab3d000 Exception <a 'java/lang/SecurityException'> (0x00000007b2297c18) thrown at [/Users/java_re/workspace/8-2-build-macosx-x86_64/jdk8u60/4407/hotspot/src/share/vm/prims/jvm.cpp, line 1390]
Event: 11808.362 Thread 0x00007fd91ea54800 Exception <a 'java/lang/ClassNotFoundException': asLocalRepo29_8bbs917fjusqah98ili7drbcdBeanInfo> (0x00000007ab0129c0) thrown at [/Users/java_re/workspace/8-2-build-macosx-x86_64/jdk8u60/4407/hotspot/src/share/vm/classfile/systemDictionary.cpp, line 210]
Event: 11808.364 Thread 0x00007fd91ea54800 Exception <a 'java/lang/ClassNotFoundException': asLocalRepo29_8bbs917fjusqah98ili7drbcdCustomizer> (0x00000007ab01c330) thrown at [/Users/java_re/workspace/8-2-build-macosx-x86_64/jdk8u60/4407/hotspot/src/share/vm/classfile/systemDictionary.cpp, line 210

Events (10 events):
Event: 11809.472 Executing VM operation: BulkRevokeBias
Event: 11809.473 Executing VM operation: BulkRevokeBias done
Event: 11809.474 Thread 0x00007fd91a034800 flushing nmethod 0x00000001034056d0
Event: 11809.494 Thread 0x00007fd91b02f000 flushing nmethod 0x000000010375ea10
Event: 11809.495 Thread 0x00007fd91b02f000 flushing nmethod 0x00000001037e1c90
Event: 11809.561 Thread 0x00007fd91b02f000 flushing nmethod 0x00000001046a6d90
Event: 11809.566 Thread 0x00007fd91b02f000 flushing nmethod 0x000000010492c2d0
Event: 11809.571 Thread 0x00007fd91b02f000 flushing nmethod 0x0000000104e03710
Event: 11809.571 Thread 0x00007fd91b02f000 flushing nmethod 0x0000000104ec1550
Event: 11809.572 Thread 0x00007fd91b02f000 flushing nmethod 0x0000000104fd4e90


Dynamic libraries:
0x0000000004859000 	/System/Library/Frameworks/Cocoa.framework/Versions/A/Cocoa
0x0000000004859000 	/System/Library/Frameworks/Security.framework/Versions/A/Security
0x0000000004859000 	/System/Library/Frameworks/ApplicationServices.framework/Versions/A/ApplicationServices
0x0000000004859000 	/usr/lib/libz.1.dylib
0x0000000004859000 	/usr/lib/libSystem.B.dylib
0x0000000004859000 	/usr/lib/libobjc.A.dylib
0x0000000004859000 	/System/Library/Frameworks/CoreFoundation.framework/Versions/A/CoreFoundation
0x0000000004859000 	/System/Library/Frameworks/Foundation.framework/Versions/C/Foundation
0x0000000004859000 	/System/Library/Frameworks/AppKit.framework/Versions/C/AppKit
0x0000000004859000 	/System/Library/Frameworks/CoreData.framework/Versions/A/CoreData
0x0000000004859000 	/System/Library/PrivateFrameworks/RemoteViewServices.framework/Versions/A/RemoteViewServices
0x0000000004859000 	/System/Library/PrivateFrameworks/UIFoundation.framework/Versions/A/UIFoundation
0x0000000004859000 	/usr/lib/libScreenReader.dylib
0x0000000004859000 	/System/Library/Frameworks/Accelerate.framework/Versions/A/Accelerate
0x0000000004859000 	/System/Library/Frameworks/IOSurface.framework/Versions/A/IOSurface
0x0000000004859000 	/System/Library/Frameworks/AudioToolbox.framework/Versions/A/AudioToolbox
0x0000000004859000 	/System/Library/Frameworks/AudioUnit.framework/Versions/A/AudioUnit
0x0000000004859000 	/System/Library/PrivateFrameworks/DataDetectorsCore.framework/Versions/A/DataDetectorsCore
0x0000000004859000 	/System/Library/PrivateFrameworks/DesktopServicesPriv.framework/Versions/A/DesktopServicesPriv
0x0000000004859000 	/System/Library/Frameworks/Carbon.framework/Versions/A/Frameworks/HIToolbox.framework/Versions/A/HIToolbox
0x0000000004859000 	/System/Library/Frameworks/QuartzCore.framework/Versions/A/QuartzCore
0x0000000004859000 	/System/Library/Frameworks/Carbon.framework/Versions/A/Frameworks/SpeechRecognition.framework/Versions/A/SpeechRecognition
0x0000000004859000 	/usr/lib/libauto.dylib
0x0000000004859000 	/usr/lib/libicucore.A.dylib
0x0000000004859000 	/usr/lib/libxml2.2.dylib
0x0000000004859000 	/System/Library/PrivateFrameworks/CoreUI.framework/Versions/A/CoreUI
0x0000000004859000 	/System/Library/Frameworks/CoreAudio.framework/Versions/A/CoreAudio
0x0000000004859000 	/System/Library/Frameworks/DiskArbitration.framework/Versions/A/DiskArbitration
0x0000000004859000 	/usr/lib/liblangid.dylib
0x0000000004859000 	/System/Library/PrivateFrameworks/MultitouchSupport.framework/Versions/A/MultitouchSupport
0x0000000004859000 	/System/Library/Frameworks/IOKit.framework/Versions/A/IOKit
0x0000000004859000 	/usr/lib/libDiagnosticMessagesClient.dylib
0x0000000004859000 	/System/Library/Frameworks/CoreServices.framework/Versions/A/CoreServices
0x0000000004859000 	/System/Library/PrivateFrameworks/PerformanceAnalysis.framework/Versions/A/PerformanceAnalysis
0x0000000004859000 	/System/Library/PrivateFrameworks/GenerationalStorage.framework/Versions/A/GenerationalStorage
0x0000000004859000 	/System/Library/Frameworks/OpenGL.framework/Versions/A/OpenGL
0x0000000004859000 	/System/Library/PrivateFrameworks/Sharing.framework/Versions/A/Sharing
0x0000000004859000 	/System/Library/Frameworks/CoreGraphics.framework/Versions/A/CoreGraphics
0x0000000004859000 	/System/Library/Frameworks/CoreImage.framework/Versions/A/CoreImage
0x0000000004859000 	/System/Library/Frameworks/CoreText.framework/Versions/A/CoreText
0x0000000004859000 	/System/Library/Frameworks/ImageIO.framework/Versions/A/ImageIO
0x0000000004859000 	/System/Library/PrivateFrameworks/Backup.framework/Versions/A/Backup
0x0000000004859000 	/usr/lib/libextension.dylib
0x0000000004859000 	/usr/lib/libarchive.2.dylib
0x0000000004859000 	/System/Library/Frameworks/CFNetwork.framework/Versions/A/CFNetwork
0x0000000004859000 	/System/Library/Frameworks/SystemConfiguration.framework/Versions/A/SystemConfiguration
0x0000000004859000 	/usr/lib/libCRFSuite.dylib
0x0000000004859000 	/usr/lib/libc++.1.dylib
0x0000000004859000 	/usr/lib/libc++abi.dylib
0x0000000004859000 	/usr/lib/system/libcache.dylib
0x0000000004859000 	/usr/lib/system/libcommonCrypto.dylib
0x0000000004859000 	/usr/lib/system/libcompiler_rt.dylib
0x0000000004859000 	/usr/lib/system/libcopyfile.dylib
0x0000000004859000 	/usr/lib/system/libcorecrypto.dylib
0x0000000004859000 	/usr/lib/system/libdispatch.dylib
0x0000000004859000 	/usr/lib/system/libdyld.dylib
0x0000000004859000 	/usr/lib/system/libkeymgr.dylib
0x0000000004859000 	/usr/lib/system/liblaunch.dylib
0x0000000004859000 	/usr/lib/system/libmacho.dylib
0x0000000004859000 	/usr/lib/system/libquarantine.dylib
0x0000000004859000 	/usr/lib/system/libremovefile.dylib
0x0000000004859000 	/usr/lib/system/libsystem_asl.dylib
0x0000000004859000 	/usr/lib/system/libsystem_blocks.dylib
0x0000000004859000 	/usr/lib/system/libsystem_c.dylib
0x0000000004859000 	/usr/lib/system/libsystem_configuration.dylib
0x0000000004859000 	/usr/lib/system/libsystem_coreservices.dylib
0x0000000004859000 	/usr/lib/system/libsystem_coretls.dylib
0x0000000004859000 	/usr/lib/system/libsystem_dnssd.dylib
0x0000000004859000 	/usr/lib/system/libsystem_info.dylib
0x0000000004859000 	/usr/lib/system/libsystem_kernel.dylib
0x0000000004859000 	/usr/lib/system/libsystem_m.dylib
0x0000000004859000 	/usr/lib/system/libsystem_malloc.dylib
0x0000000004859000 	/usr/lib/system/libsystem_network.dylib
0x0000000004859000 	/usr/lib/system/libsystem_networkextension.dylib
0x0000000004859000 	/usr/lib/system/libsystem_notify.dylib
0x0000000004859000 	/usr/lib/system/libsystem_platform.dylib
0x0000000004859000 	/usr/lib/system/libsystem_pthread.dylib
0x0000000004859000 	/usr/lib/system/libsystem_sandbox.dylib
0x0000000004859000 	/usr/lib/system/libsystem_secinit.dylib
0x0000000004859000 	/usr/lib/system/libsystem_trace.dylib
0x0000000004859000 	/usr/lib/system/libunc.dylib
0x0000000004859000 	/usr/lib/system/libunwind.dylib
0x0000000004859000 	/usr/lib/system/libxpc.dylib
0x0000000004859000 	/usr/lib/libenergytrace.dylib
0x0000000004859000 	/usr/lib/libbsm.0.dylib
0x0000000004859000 	/usr/lib/system/libkxld.dylib
0x0000000004859000 	/usr/lib/libxar.1.dylib
0x0000000004859000 	/usr/lib/libsqlite3.dylib
0x0000000004859000 	/usr/lib/libpam.2.dylib
0x0000000004859000 	/usr/lib/libOpenScriptingUtil.dylib
0x0000000004859000 	/usr/lib/libbz2.1.0.dylib
0x0000000004859000 	/usr/lib/liblzma.5.dylib
0x0000000004859000 	/System/Library/Frameworks/CoreServices.framework/Versions/A/Frameworks/FSEvents.framework/Versions/A/FSEvents
0x0000000004859000 	/System/Library/Frameworks/CoreServices.framework/Versions/A/Frameworks/CarbonCore.framework/Versions/A/CarbonCore
0x0000000004859000 	/System/Library/Frameworks/CoreServices.framework/Versions/A/Frameworks/Metadata.framework/Versions/A/Metadata
0x0000000004859000 	/System/Library/Frameworks/CoreServices.framework/Versions/A/Frameworks/OSServices.framework/Versions/A/OSServices
0x0000000004859000 	/System/Library/Frameworks/CoreServices.framework/Versions/A/Frameworks/SearchKit.framework/Versions/A/SearchKit
0x0000000004859000 	/System/Library/Frameworks/CoreServices.framework/Versions/A/Frameworks/AE.framework/Versions/A/AE
0x0000000004859000 	/System/Library/Frameworks/CoreServices.framework/Versions/A/Frameworks/LaunchServices.framework/Versions/A/LaunchServices
0x0000000004859000 	/System/Library/Frameworks/CoreServices.framework/Versions/A/Frameworks/DictionaryServices.framework/Versions/A/DictionaryServices
0x0000000004859000 	/System/Library/Frameworks/CoreServices.framework/Versions/A/Frameworks/SharedFileList.framework/Versions/A/SharedFileList
0x0000000004859000 	/System/Library/Frameworks/NetFS.framework/Versions/A/NetFS
0x0000000004859000 	/System/Library/PrivateFrameworks/NetAuth.framework/Versions/A/NetAuth
0x0000000004859000 	/System/Library/PrivateFrameworks/login.framework/Versions/A/Frameworks/loginsupport.framework/Versions/A/loginsupport
0x0000000004859000 	/System/Library/PrivateFrameworks/TCC.framework/Versions/A/TCC
0x0000000004859000 	/usr/lib/libmecabra.dylib
0x0000000004859000 	/System/Library/Frameworks/ApplicationServices.framework/Versions/A/Frameworks/ATS.framework/Versions/A/ATS
0x0000000004859000 	/System/Library/Frameworks/ApplicationServices.framework/Versions/A/Frameworks/ColorSync.framework/Versions/A/ColorSync
0x0000000004859000 	/System/Library/Frameworks/ApplicationServices.framework/Versions/A/Frameworks/HIServices.framework/Versions/A/HIServices
0x0000000004859000 	/System/Library/Frameworks/ApplicationServices.framework/Versions/A/Frameworks/LangAnalysis.framework/Versions/A/LangAnalysis
0x0000000004859000 	/System/Library/Frameworks/ApplicationServices.framework/Versions/A/Frameworks/PrintCore.framework/Versions/A/PrintCore
0x0000000004859000 	/System/Library/Frameworks/ApplicationServices.framework/Versions/A/Frameworks/QD.framework/Versions/A/QD
0x0000000004859000 	/System/Library/Frameworks/ApplicationServices.framework/Versions/A/Frameworks/SpeechSynthesis.framework/Versions/A/SpeechSynthesis
0x0000000004859000 	/System/Library/Frameworks/Metal.framework/Versions/A/Metal
0x0000000004859000 	/System/Library/Frameworks/Accelerate.framework/Versions/A/Frameworks/vImage.framework/Versions/A/vImage
0x0000000004859000 	/System/Library/Frameworks/Accelerate.framework/Versions/A/Frameworks/vecLib.framework/Versions/A/vecLib
0x0000000004859000 	/System/Library/Frameworks/Accelerate.framework/Versions/A/Frameworks/vecLib.framework/Versions/A/libvDSP.dylib
0x0000000004859000 	/System/Library/Frameworks/Accelerate.framework/Versions/A/Frameworks/vecLib.framework/Versions/A/libvMisc.dylib
0x0000000004859000 	/System/Library/Frameworks/Accelerate.framework/Versions/A/Frameworks/vecLib.framework/Versions/A/libLAPACK.dylib
0x0000000004859000 	/System/Library/Frameworks/Accelerate.framework/Versions/A/Frameworks/vecLib.framework/Versions/A/libBLAS.dylib
0x0000000004859000 	/System/Library/Frameworks/Accelerate.framework/Versions/A/Frameworks/vecLib.framework/Versions/A/libLinearAlgebra.dylib
0x0000000004859000 	/System/Library/Frameworks/Accelerate.framework/Versions/A/Frameworks/vecLib.framework/Versions/A/libSparseBLAS.dylib
0x0000000004859000 	/System/Library/PrivateFrameworks/GPUCompiler.framework/libmetal_timestamp.dylib
0x0000000004859000 	/System/Library/Frameworks/OpenGL.framework/Versions/A/Libraries/libCoreFSCache.dylib
0x0000000004859000 	/System/Library/PrivateFrameworks/IOAccelerator.framework/Versions/A/IOAccelerator
0x0000000004859000 	/System/Library/Frameworks/ApplicationServices.framework/Versions/A/Frameworks/ATS.framework/Versions/A/Resources/libFontParser.dylib
0x0000000004859000 	/System/Library/Frameworks/ApplicationServices.framework/Versions/A/Frameworks/ATS.framework/Versions/A/Resources/libFontRegistry.dylib
0x0000000004859000 	/System/Library/PrivateFrameworks/AppleVPA.framework/Versions/A/AppleVPA
0x0000000004859000 	/System/Library/PrivateFrameworks/AppleJPEG.framework/Versions/A/AppleJPEG
0x0000000004859000 	/System/Library/Frameworks/ImageIO.framework/Versions/A/Resources/libJPEG.dylib
0x0000000004859000 	/System/Library/Frameworks/ImageIO.framework/Versions/A/Resources/libTIFF.dylib
0x0000000004859000 	/System/Library/Frameworks/ImageIO.framework/Versions/A/Resources/libPng.dylib
0x0000000004859000 	/System/Library/Frameworks/ImageIO.framework/Versions/A/Resources/libGIF.dylib
0x0000000004859000 	/System/Library/Frameworks/ImageIO.framework/Versions/A/Resources/libJP2.dylib
0x0000000004859000 	/System/Library/Frameworks/ImageIO.framework/Versions/A/Resources/libRadiance.dylib
0x0000000004859000 	/System/Library/Frameworks/CoreVideo.framework/Versions/A/CoreVideo
0x0000000004859000 	/System/Library/Frameworks/OpenGL.framework/Versions/A/Libraries/libGLU.dylib
0x0000000004859000 	/System/Library/Frameworks/OpenGL.framework/Versions/A/Libraries/libGFXShared.dylib
0x0000000004859000 	/System/Library/Frameworks/OpenGL.framework/Versions/A/Libraries/libGL.dylib
0x0000000004859000 	/System/Library/Frameworks/OpenGL.framework/Versions/A/Libraries/libGLImage.dylib
0x0000000004859000 	/System/Library/Frameworks/OpenGL.framework/Versions/A/Libraries/libCVMSPluginSupport.dylib
0x0000000004859000 	/System/Library/Frameworks/OpenGL.framework/Versions/A/Libraries/libCoreVMClient.dylib
0x0000000004859000 	/usr/lib/libcups.2.dylib
0x0000000004859000 	/System/Library/Frameworks/Kerberos.framework/Versions/A/Kerberos
0x0000000004859000 	/System/Library/Frameworks/GSS.framework/Versions/A/GSS
0x0000000004859000 	/usr/lib/libresolv.9.dylib
0x0000000004859000 	/usr/lib/libiconv.2.dylib
0x0000000004859000 	/System/Library/PrivateFrameworks/Heimdal.framework/Versions/A/Heimdal
0x0000000004859000 	/usr/lib/libheimdal-asn1.dylib
0x0000000004859000 	/System/Library/Frameworks/OpenDirectory.framework/Versions/A/OpenDirectory
0x0000000004859000 	/System/Library/PrivateFrameworks/CommonAuth.framework/Versions/A/CommonAuth
0x0000000004859000 	/System/Library/Frameworks/OpenDirectory.framework/Versions/A/Frameworks/CFOpenDirectory.framework/Versions/A/CFOpenDirectory
0x0000000004859000 	/System/Library/Frameworks/SecurityFoundation.framework/Versions/A/SecurityFoundation
0x0000000004859000 	/System/Library/PrivateFrameworks/LanguageModeling.framework/Versions/A/LanguageModeling
0x0000000004859000 	/usr/lib/libmarisa.dylib
0x0000000004859000 	/usr/lib/libChineseTokenizer.dylib
0x0000000004859000 	/usr/lib/libcmph.dylib
0x0000000004859000 	/usr/lib/libcompression.dylib
0x0000000004859000 	/System/Library/Frameworks/ServiceManagement.framework/Versions/A/ServiceManagement
0x0000000004859000 	/usr/lib/libxslt.1.dylib
0x0000000004859000 	/System/Library/Frameworks/Carbon.framework/Versions/A/Frameworks/Ink.framework/Versions/A/Ink
0x0000000004859000 	/usr/lib/libFosl_dynamic.dylib
0x0000000004859000 	/System/Library/PrivateFrameworks/FaceCore.framework/Versions/A/FaceCore
0x0000000004859000 	/System/Library/Frameworks/OpenCL.framework/Versions/A/OpenCL
0x0000000004859000 	/System/Library/PrivateFrameworks/CrashReporterSupport.framework/Versions/A/CrashReporterSupport
0x0000000004859000 	/System/Library/PrivateFrameworks/IconServices.framework/Versions/A/IconServices
0x0000000004859000 	/System/Library/PrivateFrameworks/Apple80211.framework/Versions/A/Apple80211
0x0000000004859000 	/System/Library/Frameworks/CoreWLAN.framework/Versions/A/CoreWLAN
0x0000000004859000 	/System/Library/Frameworks/IOBluetooth.framework/Versions/A/IOBluetooth
0x0000000004859000 	/System/Library/PrivateFrameworks/CoreWiFi.framework/Versions/A/CoreWiFi
0x0000000004859000 	/System/Library/Frameworks/CoreBluetooth.framework/Versions/A/CoreBluetooth
0x0000000004859000 	/System/Library/PrivateFrameworks/ChunkingLibrary.framework/Versions/A/ChunkingLibrary
0x0000000004859000 	/System/Library/PrivateFrameworks/DebugSymbols.framework/Versions/A/DebugSymbols
0x0000000004859000 	/System/Library/PrivateFrameworks/CoreSymbolication.framework/Versions/A/CoreSymbolication
0x0000000004859000 	/System/Library/PrivateFrameworks/Symbolication.framework/Versions/A/Symbolication
0x0000000004859000 	/System/Library/PrivateFrameworks/SpeechRecognitionCore.framework/Versions/A/SpeechRecognitionCore
0x0000000101200000 	/Library/Java/JavaVirtualMachines/jdk1.8.0_60.jdk/Contents/Home/jre/lib/server/libjvm.dylib
0x0000000004859000 	/usr/lib/libstdc++.6.dylib
0x00000001008a1000 	/Library/Java/JavaVirtualMachines/jdk1.8.0_60.jdk/Contents/Home/jre/lib/libverify.dylib
0x00000001008af000 	/Library/Java/JavaVirtualMachines/jdk1.8.0_60.jdk/Contents/Home/jre/lib/libjava.dylib
0x00000001008ee000 	/Library/Java/JavaVirtualMachines/jdk1.8.0_60.jdk/Contents/Home/jre/lib/libzip.dylib
0x000000011547a000 	/System/Library/Frameworks/JavaVM.framework/Frameworks/JavaRuntimeSupport.framework/JavaRuntimeSupport
0x0000000115495000 	/System/Library/Frameworks/JavaVM.framework/Versions/A/Frameworks/JavaNativeFoundation.framework/Versions/A/JavaNativeFoundation
0x00000001154aa000 	/System/Library/Frameworks/JavaVM.framework/Versions/A/JavaVM
0x0000000004859000 	/System/Library/Frameworks/Carbon.framework/Versions/A/Carbon
0x00000001154b7000 	/System/Library/PrivateFrameworks/JavaLaunching.framework/Versions/A/JavaLaunching
0x0000000004859000 	/System/Library/Frameworks/Carbon.framework/Versions/A/Frameworks/CommonPanels.framework/Versions/A/CommonPanels
0x0000000004859000 	/System/Library/Frameworks/Carbon.framework/Versions/A/Frameworks/Help.framework/Versions/A/Help
0x0000000004859000 	/System/Library/Frameworks/Carbon.framework/Versions/A/Frameworks/ImageCapture.framework/Versions/A/ImageCapture
0x0000000004859000 	/System/Library/Frameworks/Carbon.framework/Versions/A/Frameworks/OpenScripting.framework/Versions/A/OpenScripting
0x0000000004859000 	/System/Library/Frameworks/Carbon.framework/Versions/A/Frameworks/Print.framework/Versions/A/Print
0x0000000004859000 	/System/Library/Frameworks/Carbon.framework/Versions/A/Frameworks/SecurityHI.framework/Versions/A/SecurityHI
0x0000000116f61000 	/Library/Java/JavaVirtualMachines/jdk1.8.0_60.jdk/Contents/Home/jre/lib/libnet.dylib
0x0000000116fc0000 	/Library/Java/JavaVirtualMachines/jdk1.8.0_60.jdk/Contents/Home/jre/lib/libnio.dylib
0x0000000116fd0000 	/Users/fi8er1/.gradle/native/19/osx-amd64/libnative-platform.dylib
0x0000000117496000 	/Library/Java/JavaVirtualMachines/jdk1.8.0_60.jdk/Contents/Home/jre/lib/libmanagement.dylib

VM Arguments:
jvm_args: -XX:MaxPermSize=256m -XX:+HeapDumpOnOutOfMemoryError -Xmx1024m -Dfile.encoding=UTF-8 -Duser.country=US -Duser.language=en -Duser.variant 
java_command: org.gradle.launcher.daemon.bootstrap.GradleDaemon 2.10
java_class_path (initial): /Applications/Android Studio.app/Contents/gradle/gradle-2.10/lib/gradle-launcher-2.10.jar
Launcher Type: SUN_STANDARD

Environment Variables:
PATH=/usr/bin:/bin:/usr/sbin:/sbin
SHELL=/bin/bash
DISPLAY=/private/tmp/com.apple.launchd.rRxvm9CRzi/org.macosforge.xquartz:0

Signal Handlers:
SIGSEGV: [libjvm.dylib+0x5a6d31], sa_mask[0]=11111111011111110111111111111111, sa_flags=SA_ONSTACK|SA_RESTART|SA_SIGINFO
SIGBUS: [libjvm.dylib+0x5a6d31], sa_mask[0]=11111111011111110111111111111111, sa_flags=SA_RESTART|SA_SIGINFO
SIGFPE: [libjvm.dylib+0x480a4c], sa_mask[0]=11111111011111110111111111111111, sa_flags=SA_RESTART|SA_SIGINFO
SIGPIPE: [libjvm.dylib+0x480a4c], sa_mask[0]=11111111011111110111111111111111, sa_flags=SA_RESTART|SA_SIGINFO
SIGXFSZ: [libjvm.dylib+0x480a4c], sa_mask[0]=11111111011111110111111111111111, sa_flags=SA_RESTART|SA_SIGINFO
SIGILL: [libjvm.dylib+0x480a4c], sa_mask[0]=11111111011111110111111111111111, sa_flags=SA_RESTART|SA_SIGINFO
SIGUSR1: SIG_DFL, sa_mask[0]=00000000000000000000000000000000, sa_flags=none
SIGUSR2: [libjvm.dylib+0x48056a], sa_mask[0]=00100000000000000000000000000000, sa_flags=SA_RESTART|SA_SIGINFO
SIGHUP: [libjvm.dylib+0x47eb41], sa_mask[0]=11111111011111110111111111111111, sa_flags=SA_RESTART|SA_SIGINFO
SIGINT: [libjvm.dylib+0x47eb41], sa_mask[0]=11111111011111110111111111111111, sa_flags=SA_RESTART|SA_SIGINFO
SIGTERM: [libjvm.dylib+0x47eb41], sa_mask[0]=11111111011111110111111111111111, sa_flags=SA_RESTART|SA_SIGINFO
SIGQUIT: [libjvm.dylib+0x47eb41], sa_mask[0]=11111111011111110111111111111111, sa_flags=SA_RESTART|SA_SIGINFO


---------------  S Y S T E M  ---------------

OS:Bsduname:Darwin 15.4.0 Darwin Kernel Version 15.4.0: Fri Feb 26 22:08:05 PST 2016; root:xnu-3248.40.184~3/RELEASE_X86_64 x86_64
rlimit: STACK 8192k, CORE 0k, NPROC 709, NOFILE 10240, AS infinity
load average:2.69 2.54 1.95

CPU:total 4 (2 cores per cpu, 2 threads per core) family 6 model 69 stepping 1, cmov, cx8, fxsr, mmx, sse, sse2, sse3, ssse3, sse4.1, sse4.2, popcnt, avx, avx2, aes, clmul, erms, lzcnt, ht, tsc, tscinvbit, bmi1, bmi2

Memory: 4k page, physical 4194304k(1213412k free)

/proc/meminfo:


vm_info: Java HotSpot(TM) 64-Bit Server VM (25.60-b23) for bsd-amd64 JRE (1.8.0_60-b27), built on Aug  4 2015 10:47:24 by "java_re" with gcc 4.2.1 (Based on Apple Inc. build 5658) (LLVM build 2336.11.00)

time: Fri Apr 29 18:37:20 2016
elapsed time: 11809 seconds (0d 3h 16m 49s)

